ffmpeg version 6.0 Copyright (c) 2000-2023 the FFmpeg developers
  built with Apple clang version 13.1.6 (clang-1316.0.21.2.5)
  configuration: --prefix=/Volumes/tempdisk/sw --extra-cflags=-fno-stack-check --arch=arm64 --cc=/usr/bin/clang --enable-gpl --enable-libvmaf --enable-libbluray --enable-libopenjpeg --enable-libopus --enable-libmp3lame --enable-libx264 --enable-libx265 --enable-libvpx --enable-libwebp --enable-libass --enable-libfreetype --enable-fontconfig --enable-libtheora --enable-libvorbis --enable-libsnappy --enable-libaom --enable-libvidstab --enable-libzimg --enable-libsvtav1 --enable-libkvazaar --enable-version3 --pkg-config-flags=--static --enable-ffplay --enable-postproc --enable-nonfree --enable-neon --enable-runtime-cpudetect --disable-indev=qtkit --disable-indev=x11grab_xcb
  libavutil      58.  2.100 / 58.  2.100
  libavcodec     60.  3.100 / 60.  3.100
  libavformat    60.  3.100 / 60.  3.100
  libavdevice    60.  1.100 / 60.  1.100
  libavfilter     9.  3.100 /  9.  3.100
  libswscale      7.  1.100 /  7.  1.100
  libswresample   4. 10.100 /  4. 10.100
  libpostproc    57.  1.100 / 57.  1.100
[aac @ 0x13df15070] Format aac detected only with low score of 1, misdetection possible!
[aac @ 0x13de04510] Error decoding AAC frame header.
[aac @ 0x13de04510] More than one AAC RDB per ADTS frame is not implemented. Update your FFmpeg version to the newest one from Git. If the problem still occurs, it means that your file has a feature which has not been implemented.
[aac @ 0x13de04510] Multiple frames in a packet.
[aac @ 0x13de04510] Error decoding AAC frame header.
[aac @ 0x13de04510] Reserved bit set.
[aac @ 0x13de04510] Prediction is not allowed in AAC-LC.
[aac @ 0x13de04510] Reserved bit set.
[aac @ 0x13de04510] Number of bands (19) exceeds limit (12).
[aac @ 0x13de04510] Reserved bit set.
[aac @ 0x13de04510] Pulse tool not allowed in eight short sequence.
[aac @ 0x13de04510] channel element 3.8 is not allocated
[aac @ 0x13de04510] Input buffer exhausted before END element found
[aac @ 0x13de04510] channel element 2.7 is not allocated
[aac @ 0x13de04510] Number of bands (7) exceeds limit (3).
[aac @ 0x13de04510] Reserved bit set.
[aac @ 0x13de04510] Number of scalefactor bands in group (54) exceeds limit (49).
[aac @ 0x13de04510] Reserved bit set.
[aac @ 0x13de04510] Number of bands (26) exceeds limit (3).
[aac @ 0x13de04510] Reserved bit set.
[aac @ 0x13de04510] Number of bands (16) exceeds limit (11).
[aac @ 0x13de04510] Number of bands (7) exceeds limit (6).
[aac @ 0x13de04510] channel element 1.1 is not allocated
[aac @ 0x13de04510] Too large remapped id is not implemented. Update your FFmpeg version to the newest one from Git. If the problem still occurs, it means that your file has a feature which has not been implemented.
[aac @ 0x13de04510] If you want to help, upload a sample of this file to https://streams.videolan.org/upload/ and contact the ffmpeg-devel mailing list. (ffmpeg-devel@ffmpeg.org)
[aac @ 0x13de04510] Reserved bit set.
[aac @ 0x13de04510] Number of bands (16) exceeds limit (7).
[aac @ 0x13de04510] channel element 3.10 is not allocated
[aac @ 0x13de04510] invalid band type
[aac @ 0x13de04510] Assuming an incorrectly encoded 7.1 channel layout instead of a spec-compliant 7.1(wide) layout, use -strict 1 to decode according to the specification instead.
[aac @ 0x13de04510] channel element 2.11 is not allocated
[aac @ 0x13de04510] channel element 3.3 is not allocated
[aac @ 0x13de04510] Number of bands (24) exceeds limit (7).
[aac @ 0x13de04510] channel element 2.15 is not allocated
[aac @ 0x13de04510] invalid band type
[aac @ 0x13de04510] Reserved bit set.
[aac @ 0x13de04510] Number of scalefactor bands in group (52) exceeds limit (49).
[aac @ 0x13de04510] Dependent coupling is not supported together with LTP
    Last message repeated 15 times
[aac @ 0x13de04510] channel element 1.11 is not allocated
[aac @ 0x13de04510] Reserved bit set.
[aac @ 0x13de04510] Prediction is not allowed in AAC-LC.
[aac @ 0x13de04510] channel element 1.8 is not allocated
[aac @ 0x13de04510] channel element 1.9 is not allocated
[aac @ 0x13de04510] Reserved bit set.
[aac @ 0x13de04510] Number of bands (8) exceeds limit (2).
[aac @ 0x13de04510] Sample rate index in program config element does not match the sample rate index configured by the container.
[aac @ 0x13de04510] channel element 3.3 is not allocated
[aac @ 0x13de04510] Sample rate index in program config element does not match the sample rate index configured by the container.
[aac @ 0x13de04510] Number of bands (8) exceeds limit (4).
[aac @ 0x13de04510] Reserved bit set.
[aac @ 0x13de04510] Prediction is not allowed in AAC-LC.
[aac @ 0x13de04510] invalid band type
[aac @ 0x13de04510] Sample rate index in program config element does not match the sample rate index configured by the container.
[aac @ 0x13de04510] Reserved bit set.
[aac @ 0x13de04510] Number of bands (24) exceeds limit (13).
[aac @ 0x13de04510] Prediction is not allowed in AAC-LC.
[aac @ 0x13de04510] channel element 1.12 is not allocated
[aac @ 0x13de04510] channel element 3.13 is not allocated
[aac @ 0x13de04510] channel element 3.15 is not allocated
[aac @ 0x13de04510] ms_present = 3 is reserved.
[aac @ 0x13de04510] channel element 3.9 is not allocated
[aac @ 0x13de04510] Sample rate index in program config element does not match the sample rate index configured by the container.
[aac @ 0x13de04510] Reserved bit set.
[aac @ 0x13de04510] Pulse data corrupt or invalid.
[aac @ 0x13de04510] Number of bands (16) exceeds limit (2).
[aac @ 0x13de04510] channel element 3.15 is not allocated
[aac @ 0x13de04510] channel element 2.1 is not allocated
[aac @ 0x13de04510] channel element 1.9 is not allocated
[aac @ 0x13de04510] Number of bands (8) exceeds limit (6).
[aac @ 0x13de04510] Sample rate index in program config element does not match the sample rate index configured by the container.
[aac @ 0x13de04510] Too large remapped id is not implemented. Update your FFmpeg version to the newest one from Git. If the problem still occurs, it means that your file has a feature which has not been implemented.
[aac @ 0x13de04510] If you want to help, upload a sample of this file to https://streams.videolan.org/upload/ and contact the ffmpeg-devel mailing list. (ffmpeg-devel@ffmpeg.org)
[aac @ 0x13de04510] channel element 1.10 is not allocated
[aac @ 0x13de04510] channel element 3.15 is not allocated
[aac @ 0x13de04510] Prediction is not allowed in AAC-LC.
[aac @ 0x13de04510] Reserved bit set.
[aac @ 0x13de04510] Number of scalefactor bands in group (63) exceeds limit (47).
[aac @ 0x13de04510] skip_data_stream_element: Input buffer exhausted before END element found
[aac @ 0x13de04510] SBR was found before the first channel element.
[aac @ 0x13de04510] channel element 2.8 is not allocated
[aac @ 0x13de04510] channel element 3.13 is not allocated
[aac @ 0x13de04510] channel element 1.11 is not allocated
[aac @ 0x13de04510] Error decoding AAC frame header.
[aac @ 0x13de04510] channel element 1.14 is not allocated
[aac @ 0x13de04510] channel element 1.2 is not allocated
[aac @ 0x13de04510] Reserved bit set.
[aac @ 0x13de04510] Number of bands (24) exceeds limit (7).
[aac @ 0x13de04510] Sample rate index in program config element does not match the sample rate index configured by the container.
[aac @ 0x13de04510] Prediction is not allowed in AAC-LC.
[aac @ 0x13de04510] channel element 3.3 is not allocated
[aac @ 0x13de04510] channel element 2.7 is not allocated
[aac @ 0x13de04510] Number of bands (23) exceeds limit (1).
[aac @ 0x13de04510] channel element 3.7 is not allocated
[aac @ 0x13de04510] Reserved bit set.
[aac @ 0x13de04510] Invalid Predictor Reset Group.
[aac @ 0x13de04510] channel element 1.5 is not allocated
[aac @ 0x13de04510] Number of bands (36) exceeds limit (10).
[aac @ 0x13de04510] channel element 3.11 is not allocated
[aac @ 0x13de04510] Reserved bit set.
[aac @ 0x13de04510] Number of bands (24) exceeds limit (1).
[aac @ 0x13de04510] channel element 3.10 is not allocated
[aac @ 0x13de04510] Reserved bit set.
[aac @ 0x13de04510] Number of bands (8) exceeds limit (7).
[aac @ 0x13de04510] Gain control is not implemented. Update your FFmpeg version to the newest one from Git. If the problem still occurs, it means that your file has a feature which has not been implemented.
Input #0, aac, from '/Users/sai/Desktop/maps/sessions/16b80e49-fabf-453a-9138-e34fd21a3f00/audio.temp.aac':
  Duration: N/A, bitrate: N/A
  Stream #0:0: Audio: aac (LC), 48000 Hz, 4.0, fltp
Stream mapping:
  Stream #0:0 -> #0:0 (aac (native) -> mp3 (libmp3lame))
Press [q] to stop, [?] for help
[aac @ 0x13e806c80] Error decoding AAC frame header.
Error while decoding stream #0:0: Error number -50531338 occurred
[aac @ 0x13e806c80] More than one AAC RDB per ADTS frame is not implemented. Update your FFmpeg version to the newest one from Git. If the problem still occurs, it means that your file has a feature which has not been implemented.
[aac @ 0x13e806c80] Multiple frames in a packet.
[aac @ 0x13e806c80] Error decoding AAC frame header.
Error while decoding stream #0:0: Error number -50531338 occurred
[aac @ 0x13e806c80] channel element 1.7 is not allocated
Error while decoding stream #0:0: Invalid data found when processing input
[aac @ 0x13e806c80] Reserved bit set.
[aac @ 0x13e806c80] Prediction is not allowed in AAC-LC.
Error while decoding stream #0:0: Invalid data found when processing input
[aac @ 0x13e806c80] Reserved bit set.
[aac @ 0x13e806c80] Number of bands (19) exceeds limit (12).
Error while decoding stream #0:0: Invalid data found when processing input
[aac @ 0x13e806c80] Reserved bit set.
[aac @ 0x13e806c80] Pulse tool not allowed in eight short sequence.
Error while decoding stream #0:0: Invalid data found when processing input
[aac @ 0x13e806c80] channel element 3.8 is not allocated
Error while decoding stream #0:0: Invalid data found when processing input
[aac @ 0x13e806c80] Input buffer exhausted before END element found
Error while decoding stream #0:0: Invalid data found when processing input
[aac @ 0x13e806c80] channel element 2.7 is not allocated
Error while decoding stream #0:0: Invalid data found when processing input
[aac @ 0x13e806c80] Number of bands (7) exceeds limit (3).
Error while decoding stream #0:0: Invalid data found when processing input
[aac @ 0x13e806c80] Reserved bit set.
[aac @ 0x13e806c80] Number of scalefactor bands in group (54) exceeds limit (49).
Error while decoding stream #0:0: Invalid data found when processing input
[aac @ 0x13e806c80] Reserved bit set.
[aac @ 0x13e806c80] Number of bands (26) exceeds limit (3).
Error while decoding stream #0:0: Invalid data found when processing input
[aac @ 0x13e806c80] Reserved bit set.
[aac @ 0x13e806c80] Number of bands (16) exceeds limit (11).
Error while decoding stream #0:0: Invalid data found when processing input
[aac @ 0x13e806c80] Number of bands (7) exceeds limit (6).
Error while decoding stream #0:0: Invalid data found when processing input
[aac @ 0x13e806c80] channel element 1.1 is not allocated
Error while decoding stream #0:0: Invalid data found when processing input
[aac @ 0x13e806c80] Too large remapped id is not implemented. Update your FFmpeg version to the newest one from Git. If the problem still occurs, it means that your file has a feature which has not been implemented.
[aac @ 0x13e806c80] If you want to help, upload a sample of this file to https://streams.videolan.org/upload/ and contact the ffmpeg-devel mailing list. (ffmpeg-devel@ffmpeg.org)
Error while decoding stream #0:0: Not yet implemented in FFmpeg, patches welcome
[aac @ 0x13e806c80] Reserved bit set.
[aac @ 0x13e806c80] Number of bands (16) exceeds limit (7).
Error while decoding stream #0:0: Invalid data found when processing input
[aac @ 0x13e806c80] channel element 3.10 is not allocated
Error while decoding stream #0:0: Invalid data found when processing input
[aac @ 0x13e806c80] invalid band type
Error while decoding stream #0:0: Invalid data found when processing input
[aac @ 0x13e806c80] Assuming an incorrectly encoded 7.1 channel layout instead of a spec-compliant 7.1(wide) layout, use -strict 1 to decode according to the specification instead.
[aac @ 0x13e806c80] channel element 2.11 is not allocated
Error while decoding stream #0:0: Invalid data found when processing input
[aac @ 0x13e806c80] channel element 3.3 is not allocated
Error while decoding stream #0:0: Invalid data found when processing input
[aac @ 0x13e806c80] Number of bands (24) exceeds limit (7).
Error while decoding stream #0:0: Invalid data found when processing input
[aac @ 0x13e806c80] channel element 2.15 is not allocated
Error while decoding stream #0:0: Invalid data found when processing input
[aac @ 0x13e806c80] invalid band type
Error while decoding stream #0:0: Invalid data found when processing input
[aac @ 0x13e806c80] Reserved bit set.
[aac @ 0x13e806c80] Number of scalefactor bands in group (52) exceeds limit (49).
Error while decoding stream #0:0: Invalid data found when processing input
[aac @ 0x13e806c80] Dependent coupling is not supported together with LTP
    Last message repeated 15 times
[aac @ 0x13e806c80] channel element 1.11 is not allocated
Error while decoding stream #0:0: Invalid data found when processing input
[aac @ 0x13e806c80] Reserved bit set.
[aac @ 0x13e806c80] invalid band type
Error while decoding stream #0:0: Invalid data found when processing input
[aac @ 0x13e806c80] channel element 1.8 is not allocated
Error while decoding stream #0:0: Invalid data found when processing input
[aac @ 0x13e806c80] channel element 1.9 is not allocated
Error while decoding stream #0:0: Invalid data found when processing input
[aac @ 0x13e806c80] Reserved bit set.
[aac @ 0x13e806c80] Number of bands (8) exceeds limit (2).
Error while decoding stream #0:0: Invalid data found when processing input
[aac @ 0x13e806c80] Sample rate index in program config element does not match the sample rate index configured by the container.
[aac @ 0x13e806c80] channel element 3.3 is not allocated
Error while decoding stream #0:0: Invalid data found when processing input
[aac @ 0x13e806c80] Sample rate index in program config element does not match the sample rate index configured by the container.
[aac @ 0x13e806c80] Number of bands (8) exceeds limit (4).
Error while decoding stream #0:0: Invalid data found when processing input
[aac @ 0x13e806c80] Reserved bit set.
[aac @ 0x13e806c80] Number of bands (54) exceeds limit (35).
Error while decoding stream #0:0: Invalid data found when processing input
[aac @ 0x13e806c80] invalid band type
Error while decoding stream #0:0: Invalid data found when processing input
[aac @ 0x13e806c80] Sample rate index in program config element does not match the sample rate index configured by the container.
[aac @ 0x13e806c80] Reserved bit set.
[aac @ 0x13e806c80] Number of bands (24) exceeds limit (13).
Error while decoding stream #0:0: Invalid data found when processing input
[aac @ 0x13e806c80] Prediction is not allowed in AAC-LC.
Error while decoding stream #0:0: Invalid data found when processing input
[aac @ 0x13e806c80] channel element 1.12 is not allocated
Error while decoding stream #0:0: Invalid data found when processing input
[aac @ 0x13e806c80] channel element 3.13 is not allocated
Error while decoding stream #0:0: Invalid data found when processing input
[aac @ 0x13e806c80] channel element 3.15 is not allocated
Error while decoding stream #0:0: Invalid data found when processing input
[aac @ 0x13e806c80] ms_present = 3 is reserved.
Error while decoding stream #0:0: Invalid data found when processing input
[aac @ 0x13e806c80] channel element 3.9 is not allocated
Error while decoding stream #0:0: Invalid data found when processing input
[aac @ 0x13e806c80] Sample rate index in program config element does not match the sample rate index configured by the container.
[aac @ 0x13e806c80] Reserved bit set.
[aac @ 0x13e806c80] Pulse data corrupt or invalid.
Error while decoding stream #0:0: Invalid data found when processing input
[aac @ 0x13e806c80] Number of bands (16) exceeds limit (2).
Error while decoding stream #0:0: Invalid data found when processing input
[aac @ 0x13e806c80] channel element 3.15 is not allocated
Error while decoding stream #0:0: Invalid data found when processing input
[aac @ 0x13e806c80] channel element 2.1 is not allocated
Error while decoding stream #0:0: Invalid data found when processing input
[aac @ 0x13e806c80] channel element 1.9 is not allocated
Error while decoding stream #0:0: Invalid data found when processing input
[aac @ 0x13e806c80] Number of bands (8) exceeds limit (6).
Error while decoding stream #0:0: Invalid data found when processing input
[aac @ 0x13e806c80] Sample rate index in program config element does not match the sample rate index configured by the container.
[aac @ 0x13e806c80] Too large remapped id is not implemented. Update your FFmpeg version to the newest one from Git. If the problem still occurs, it means that your file has a feature which has not been implemented.
[aac @ 0x13e806c80] If you want to help, upload a sample of this file to https://streams.videolan.org/upload/ and contact the ffmpeg-devel mailing list. (ffmpeg-devel@ffmpeg.org)
Error while decoding stream #0:0: Not yet implemented in FFmpeg, patches welcome
[aac @ 0x13e806c80] channel element 1.10 is not allocated
Error while decoding stream #0:0: Invalid data found when processing input
[aac @ 0x13e806c80] channel element 3.15 is not allocated
Error while decoding stream #0:0: Invalid data found when processing input
[aac @ 0x13e806c80] Number of bands (16) exceeds limit (3).
Error while decoding stream #0:0: Invalid data found when processing input
[aac @ 0x13e806c80] Reserved bit set.
[aac @ 0x13e806c80] Number of scalefactor bands in group (63) exceeds limit (47).
Error while decoding stream #0:0: Invalid data found when processing input
[aac @ 0x13e806c80] skip_data_stream_element: Input buffer exhausted before END element found
Error while decoding stream #0:0: Invalid data found when processing input
[aac @ 0x13e806c80] SBR was found before the first channel element.
[aac @ 0x13e806c80] channel element 2.8 is not allocated
Error while decoding stream #0:0: Invalid data found when processing input
[aac @ 0x13e806c80] channel element 3.13 is not allocated
Error while decoding stream #0:0: Invalid data found when processing input
[aac @ 0x13e806c80] channel element 1.11 is not allocated
Error while decoding stream #0:0: Invalid data found when processing input
[aac @ 0x13e806c80] Error decoding AAC frame header.
Error while decoding stream #0:0: Error number -50531338 occurred
[aac @ 0x13e806c80] channel element 1.14 is not allocated
Error while decoding stream #0:0: Invalid data found when processing input
[aac @ 0x13e806c80] channel element 1.2 is not allocated
Error while decoding stream #0:0: Invalid data found when processing input
[aac @ 0x13e806c80] Reserved bit set.
[aac @ 0x13e806c80] Number of bands (24) exceeds limit (7).
Error while decoding stream #0:0: Invalid data found when processing input
[aac @ 0x13e806c80] Sample rate index in program config element does not match the sample rate index configured by the container.
[aac @ 0x13e806c80] Number of bands (15) exceeds limit (1).
Error while decoding stream #0:0: Invalid data found when processing input
[aac @ 0x13e806c80] channel element 3.3 is not allocated
Error while decoding stream #0:0: Invalid data found when processing input
[aac @ 0x13e806c80] channel element 2.7 is not allocated
Error while decoding stream #0:0: Invalid data found when processing input
[aac @ 0x13e806c80] Number of bands (23) exceeds limit (1).
Error while decoding stream #0:0: Invalid data found when processing input
[aac @ 0x13e806c80] channel element 3.7 is not allocated
Error while decoding stream #0:0: Invalid data found when processing input
[aac @ 0x13e806c80] Reserved bit set.
[aac @ 0x13e806c80] Invalid Predictor Reset Group.
Error while decoding stream #0:0: Invalid data found when processing input
[aac @ 0x13e806c80] channel element 1.5 is not allocated
Error while decoding stream #0:0: Invalid data found when processing input
[aac @ 0x13e806c80] Number of bands (36) exceeds limit (10).
Error while decoding stream #0:0: Invalid data found when processing input
[aac @ 0x13e806c80] channel element 3.11 is not allocated
Error while decoding stream #0:0: Invalid data found when processing input
[aac @ 0x13e806c80] Reserved bit set.
[aac @ 0x13e806c80] Number of bands (24) exceeds limit (1).
Error while decoding stream #0:0: Invalid data found when processing input
[aac @ 0x13e806c80] channel element 3.10 is not allocated
Error while decoding stream #0:0: Invalid data found when processing input
[aac @ 0x13e806c80] Reserved bit set.
[aac @ 0x13e806c80] Number of bands (8) exceeds limit (7).
Error while decoding stream #0:0: Invalid data found when processing input
[aac @ 0x13e806c80] Gain control is not implemented. Update your FFmpeg version to the newest one from Git. If the problem still occurs, it means that your file has a feature which has not been implemented.
[aac @ 0x13e806c80] channel element 1.4 is not allocated
Error while decoding stream #0:0: Invalid data found when processing input
Output #0, mp3, to '/Users/sai/Desktop/maps/sessions/16b80e49-fabf-453a-9138-e34fd21a3f00/audio.temp.mp3':
  Metadata:
    TSSE            : Lavf60.3.100
  Stream #0:0: Audio: mp3, 44100 Hz, stereo, fltp
    Metadata:
      encoder         : Lavc60.3.100 libmp3lame
size=       0kB time=-577014:32:22.77 bitrate=  -0.0kbits/s speed=N/A    [aac @ 0x13e806c80] channel element 1.5 is not allocated
Error while decoding stream #0:0: Invalid data found when processing input
[aac @ 0x13e806c80] Number of bands (18) exceeds limit (5).
Error while decoding stream #0:0: Invalid data found when processing input
[aac @ 0x13e806c80] Number of bands (24) exceeds limit (2).
Error while decoding stream #0:0: Invalid data found when processing input
[aac @ 0x13e806c80] Sample rate index in program config element does not match the sample rate index configured by the container.
[aac @ 0x13e806c80] Reserved bit set.
[aac @ 0x13e806c80] ms_present = 3 is reserved.
Error while decoding stream #0:0: Invalid data found when processing input
[aac @ 0x13e806c80] Sample rate index in program config element does not match the sample rate index configured by the container.
[aac @ 0x13e806c80] Reserved bit set.
[aac @ 0x13e806c80] Number of scalefactor bands in group (61) exceeds limit (43).
Error while decoding stream #0:0: Invalid data found when processing input
[aac @ 0x13e806c80] channel element 3.13 is not allocated
Error while decoding stream #0:0: Invalid data found when processing input
[aac @ 0x13e806c80] channel element 0.0 is not allocated
Error while decoding stream #0:0: Invalid data found when processing input
[aac @ 0x13e806c80] Reserved bit set.
[aac @ 0x13e806c80] Number of bands (31) exceeds limit (23).
Error while decoding stream #0:0: Invalid data found when processing input
[aac @ 0x13e806c80] Reserved bit set.
[aac @ 0x13e806c80] Number of bands (19) exceeds limit (13).
Error while decoding stream #0:0: Invalid data found when processing input
[aac @ 0x13e806c80] Reserved bit set.
[aac @ 0x13e806c80] Number of bands (20) exceeds limit (1).
Error while decoding stream #0:0: Invalid data found when processing input
[aac @ 0x13e806c80] Dependent coupling is not supported together with LTP
    Last message repeated 26 times
[aac @ 0x13e806c80] channel element 1.6 is not allocated
Error while decoding stream #0:0: Invalid data found when processing input
[aac @ 0x13e806c80] Reserved bit set.
[aac @ 0x13e806c80] Number of bands (16) exceeds limit (7).
Error while decoding stream #0:0: Invalid data found when processing input
[aac @ 0x13e806c80] Dependent coupling is not supported together with LTP
    Last message repeated 26 times
[aac @ 0x13e806c80] Number of bands (13) exceeds limit (7).
Error while decoding stream #0:0: Invalid data found when processing input
[aac @ 0x13e806c80] channel element 3.5 is not allocated
Error while decoding stream #0:0: Invalid data found when processing input
[aac @ 0x13e806c80] Number of bands (24) exceeds limit (10).
Error while decoding stream #0:0: Invalid data found when processing input
[aac @ 0x13e806c80] Sample rate index in program config element does not match the sample rate index configured by the container.
[aac @ 0x13e806c80] Number of scalefactor bands in group (59) exceeds limit (49).
Error while decoding stream #0:0: Invalid data found when processing input
[aac @ 0x13e806c80] channel element 3.2 is not allocated
Error while decoding stream #0:0: Invalid data found when processing input
[aac @ 0x13e806c80] Number of bands (24) exceeds limit (7).
Error while decoding stream #0:0: Invalid data found when processing input
[aac @ 0x13e806c80] Dependent coupling is not supported together with LTP
    Last message repeated 24 times
[aac @ 0x13e806c80] channel element 1.2 is not allocated
Error while decoding stream #0:0: Invalid data found when processing input
[aac @ 0x13e806c80] channel element 2.13 is not allocated
Error while decoding stream #0:0: Invalid data found when processing input
[aac @ 0x13e806c80] channel element 3.13 is not allocated
Error while decoding stream #0:0: Invalid data found when processing input
[aac @ 0x13e806c80] Reserved bit set.
[aac @ 0x13e806c80] Number of bands (16) exceeds limit (4).
Error while decoding stream #0:0: Invalid data found when processing input
[aac @ 0x13e806c80] Dependent coupling is not supported together with LTP
    Last message repeated 24 times
[aac @ 0x13e806c80] Reserved bit set.
[aac @ 0x13e806c80] Number of bands (32) exceeds limit (31).
Error while decoding stream #0:0: Invalid data found when processing input
[aac @ 0x13e806c80] channel element 3.3 is not allocated
Error while decoding stream #0:0: Invalid data found when processing input
[aac @ 0x13e806c80] Reserved bit set.
[aac @ 0x13e806c80] Prediction is not allowed in AAC-LC.
Error while decoding stream #0:0: Invalid data found when processing input
[aac @ 0x13e806c80] Reserved bit set.
[aac @ 0x13e806c80] Number of bands (18) exceeds limit (14).
Error while decoding stream #0:0: Invalid data found when processing input
[aac @ 0x13e806c80] Sample rate index in program config element does not match the sample rate index configured by the container.
[aac @ 0x13e806c80] Too large remapped id is not implemented. Update your FFmpeg version to the newest one from Git. If the problem still occurs, it means that your file has a feature which has not been implemented.
[aac @ 0x13e806c80] If you want to help, upload a sample of this file to https://streams.videolan.org/upload/ and contact the ffmpeg-devel mailing list. (ffmpeg-devel@ffmpeg.org)
Error while decoding stream #0:0: Not yet implemented in FFmpeg, patches welcome
[aac @ 0x13e806c80] Error decoding AAC frame header.
Error while decoding stream #0:0: Error number -50531338 occurred
[aac @ 0x13e806c80] Sample rate index in program config element does not match the sample rate index configured by the container.
[aac @ 0x13e806c80] Too large remapped id is not implemented. Update your FFmpeg version to the newest one from Git. If the problem still occurs, it means that your file has a feature which has not been implemented.
[aac @ 0x13e806c80] If you want to help, upload a sample of this file to https://streams.videolan.org/upload/ and contact the ffmpeg-devel mailing list. (ffmpeg-devel@ffmpeg.org)
Error while decoding stream #0:0: Not yet implemented in FFmpeg, patches welcome
[aac @ 0x13e806c80] Sample rate index in program config element does not match the sample rate index configured by the container.
[aac @ 0x13e806c80] Too large remapped id is not implemented. Update your FFmpeg version to the newest one from Git. If the problem still occurs, it means that your file has a feature which has not been implemented.
[aac @ 0x13e806c80] If you want to help, upload a sample of this file to https://streams.videolan.org/upload/ and contact the ffmpeg-devel mailing list. (ffmpeg-devel@ffmpeg.org)
Error while decoding stream #0:0: Not yet implemented in FFmpeg, patches welcome
[aac @ 0x13e806c80] channel element 2.5 is not allocated
Error while decoding stream #0:0: Invalid data found when processing input
[aac @ 0x13e806c80] Error decoding AAC frame header.
Error while decoding stream #0:0: Error number -50531338 occurred
[aac @ 0x13e806c80] channel element 3.13 is not allocated
Error while decoding stream #0:0: Invalid data found when processing input
[aac @ 0x13e806c80] channel element 3.15 is not allocated
Error while decoding stream #0:0: Invalid data found when processing input
[aac @ 0x13e806c80] Reserved bit set.
[aac @ 0x13e806c80] Number of bands (21) exceeds limit (7).
Error while decoding stream #0:0: Invalid data found when processing input
[aac @ 0x13e806c80] Sample rate index in program config element does not match the sample rate index configured by the container.
[aac @ 0x13e806c80] decode_pce: Input buffer exhausted before END element found
Error while decoding stream #0:0: Operation not permitted
[aac @ 0x13e806c80] Sample rate index in program config element does not match the sample rate index configured by the container.
[aac @ 0x13e806c80] Too large remapped id is not implemented. Update your FFmpeg version to the newest one from Git. If the problem still occurs, it means that your file has a feature which has not been implemented.
[aac @ 0x13e806c80] If you want to help, upload a sample of this file to https://streams.videolan.org/upload/ and contact the ffmpeg-devel mailing list. (ffmpeg-devel@ffmpeg.org)
Error while decoding stream #0:0: Not yet implemented in FFmpeg, patches welcome
[aac @ 0x13e806c80] channel element 2.1 is not allocated
Error while decoding stream #0:0: Invalid data found when processing input
[aac @ 0x13e806c80] Reserved bit set.
[aac @ 0x13e806c80] Number of bands (24) exceeds limit (3).
Error while decoding stream #0:0: Invalid data found when processing input
[aac @ 0x13e806c80] Sample rate index in program config element does not match the sample rate index configured by the container.
[aac @ 0x13e806c80] Reserved bit set.
[aac @ 0x13e806c80] Number of bands (8) exceeds limit (4).
Error while decoding stream #0:0: Invalid data found when processing input
[aac @ 0x13e806c80] Prediction is not allowed in AAC-LC.
Error while decoding stream #0:0: Invalid data found when processing input
[aac @ 0x13e806c80] channel element 2.9 is not allocated
Error while decoding stream #0:0: Invalid data found when processing input
[aac @ 0x13e806c80] Error decoding AAC frame header.
Error while decoding stream #0:0: Error number -50531338 occurred
[aac @ 0x13e806c80] channel element 3.15 is not allocated
Error while decoding stream #0:0: Invalid data found when processing input
[aac @ 0x13e806c80] channel element 1.8 is not allocated
Error while decoding stream #0:0: Invalid data found when processing input
[aac @ 0x13e806c80] Reserved bit set.
[aac @ 0x13e806c80] Number of bands (70) exceeds limit (48).
Error while decoding stream #0:0: Invalid data found when processing input
[aac @ 0x13e806c80] Reserved bit set.
[aac @ 0x13e806c80] Number of bands (24) exceeds limit (4).
Error while decoding stream #0:0: Invalid data found when processing input
[aac @ 0x13e806c80] Reserved bit set.
[aac @ 0x13e806c80] Number of bands (8) exceeds limit (3).
Error while decoding stream #0:0: Invalid data found when processing input
[aac @ 0x13e806c80] Reserved bit set.
    Last message repeated 1 times
[aac @ 0x13e806c80] Number of scalefactor bands in group (58) exceeds limit (49).
Error while decoding stream #0:0: Invalid data found when processing input
[aac @ 0x13e806c80] Reserved bit set.
[aac @ 0x13e806c80] invalid band type
Error while decoding stream #0:0: Invalid data found when processing input
[aac @ 0x13e806c80] channel element 3.14 is not allocated
Error while decoding stream #0:0: Invalid data found when processing input
[aac @ 0x13e806c80] Prediction is not allowed in AAC-LC.
Error while decoding stream #0:0: Invalid data found when processing input
[aac @ 0x13e806c80] channel element 1.10 is not allocated
Error while decoding stream #0:0: Invalid data found when processing input
[aac @ 0x13e806c80] Reserved bit set.
[aac @ 0x13e806c80] Number of bands (7) exceeds limit (2).
Error while decoding stream #0:0: Invalid data found when processing input
[aac @ 0x13e806c80] channel element 2.12 is not allocated
Error while decoding stream #0:0: Invalid data found when processing input
[aac @ 0x13e806c80] channel element 2.6 is not allocated
Error while decoding stream #0:0: Invalid data found when processing input
[aac @ 0x13e806c80] channel element 1.0 is not allocated
Error while decoding stream #0:0: Invalid data found when processing input
[aac @ 0x13e806c80] channel element 3.9 is not allocated
Error while decoding stream #0:0: Invalid data found when processing input
[aac @ 0x13e806c80] Number of bands (24) exceeds limit (7).
Error while decoding stream #0:0: Invalid data found when processing input
[aac @ 0x13e806c80] channel element 1.9 is not allocated
Error while decoding stream #0:0: Invalid data found when processing input
[aac @ 0x13e806c80] Error decoding AAC frame header.
Error while decoding stream #0:0: Error number -50531338 occurred
[aac @ 0x13e806c80] channel element 3.12 is not allocated
Error while decoding stream #0:0: Invalid data found when processing input
[aac @ 0x13e806c80] Number of bands (16) exceeds limit (4).
Error while decoding stream #0:0: Invalid data found when processing input
[aac @ 0x13e806c80] Sample rate index in program config element does not match the sample rate index configured by the container.
[aac @ 0x13e806c80] Number of scalefactor bands in group (53) exceeds limit (41).
Error while decoding stream #0:0: Invalid data found when processing input
[aac @ 0x13e806c80] Reserved bit set.
[aac @ 0x13e806c80] Number of bands (15) exceeds limit (1).
Error while decoding stream #0:0: Invalid data found when processing input
[aac @ 0x13e806c80] Dependent coupling is not supported together with LTP
    Last message repeated 24 times
[aac @ 0x13e806c80] channel element 3.6 is not allocated
Error while decoding stream #0:0: Invalid data found when processing input
[aac @ 0x13e806c80] Reserved bit set.
[aac @ 0x13e806c80] Number of bands (16) exceeds limit (4).
Error while decoding stream #0:0: Invalid data found when processing input
[aac @ 0x13e806c80] Sample rate index in program config element does not match the sample rate index configured by the container.
[aac @ 0x13e806c80] Too large remapped id is not implemented. Update your FFmpeg version to the newest one from Git. If the problem still occurs, it means that your file has a feature which has not been implemented.
[aac @ 0x13e806c80] If you want to help, upload a sample of this file to https://streams.videolan.org/upload/ and contact the ffmpeg-devel mailing list. (ffmpeg-devel@ffmpeg.org)
Error while decoding stream #0:0: Not yet implemented in FFmpeg, patches welcome
[aac @ 0x13e806c80] channel element 2.7 is not allocated
Error while decoding stream #0:0: Invalid data found when processing input
[aac @ 0x13e806c80] channel element 3.15 is not allocated
Error while decoding stream #0:0: Invalid data found when processing input
[aac @ 0x13e806c80] Error decoding AAC frame header.
Error while decoding stream #0:0: Error number -50531338 occurred
[aac @ 0x13e806c80] Number of bands (16) exceeds limit (2).
Error while decoding stream #0:0: Invalid data found when processing input
[aac @ 0x13e806c80] channel element 3.0 is not allocated
Error while decoding stream #0:0: Invalid data found when processing input
[aac @ 0x13e806c80] channel element 2.2 is not allocated
Error while decoding stream #0:0: Invalid data found when processing input
[aac @ 0x13e806c80] Number of bands (16) exceeds limit (1).
Error while decoding stream #0:0: Invalid data found when processing input
[aac @ 0x13e806c80] Dependent coupling is not supported together with LTP
    Last message repeated 24 times
[aac @ 0x13e806c80] Reserved bit set.
[aac @ 0x13e806c80] Number of bands (29) exceeds limit (21).
Error while decoding stream #0:0: Invalid data found when processing input
[aac @ 0x13e806c80] channel element 2.6 is not allocated
Error while decoding stream #0:0: Invalid data found when processing input
[aac @ 0x13e806c80] Reserved bit set.
[aac @ 0x13e806c80] Number of bands (8) exceeds limit (2).
Error while decoding stream #0:0: Invalid data found when processing input
[aac @ 0x13e806c80] channel element 3.9 is not allocated
Error while decoding stream #0:0: Invalid data found when processing input
[aac @ 0x13e806c80] channel element 2.13 is not allocated
Error while decoding stream #0:0: Invalid data found when processing input
[aac @ 0x13e806c80] Sample rate index in program config element does not match the sample rate index configured by the container.
[aac @ 0x13e806c80] Too large remapped id is not implemented. Update your FFmpeg version to the newest one from Git. If the problem still occurs, it means that your file has a feature which has not been implemented.
[aac @ 0x13e806c80] If you want to help, upload a sample of this file to https://streams.videolan.org/upload/ and contact the ffmpeg-devel mailing list. (ffmpeg-devel@ffmpeg.org)
Error while decoding stream #0:0: Not yet implemented in FFmpeg, patches welcome
[aac @ 0x13e806c80] Reserved bit set.
[aac @ 0x13e806c80] Pulse tool not allowed in eight short sequence.
Error while decoding stream #0:0: Invalid data found when processing input
[aac @ 0x13e806c80] Error decoding AAC frame header.
Error while decoding stream #0:0: Error number -50531338 occurred
[aac @ 0x13e806c80] Sample rate index in program config element does not match the sample rate index configured by the container.
[aac @ 0x13e806c80] Reserved bit set.
[aac @ 0x13e806c80] Number of bands (16) exceeds limit (10).
Error while decoding stream #0:0: Invalid data found when processing input
[aac @ 0x13e806c80] channel element 1.8 is not allocated
Error while decoding stream #0:0: Invalid data found when processing input
[aac @ 0x13e806c80] channel element 1.0 is not allocated
Error while decoding stream #0:0: Invalid data found when processing input
[aac @ 0x13e806c80] channel element 3.15 is not allocated
Error while decoding stream #0:0: Invalid data found when processing input
[aac @ 0x13e806c80] Number of bands (24) exceeds limit (13).
Error while decoding stream #0:0: Invalid data found when processing input
[aac @ 0x13e806c80] Reserved bit set.
[aac @ 0x13e806c80] invalid band type
Error while decoding stream #0:0: Invalid data found when processing input
[aac @ 0x13e806c80] Reserved bit set.
[aac @ 0x13e806c80] Number of scalefactor bands in group (50) exceeds limit (41).
Error while decoding stream #0:0: Invalid data found when processing input
[aac @ 0x13e806c80] Reserved bit set.
[aac @ 0x13e806c80] Number of bands (24) exceeds limit (3).
Error while decoding stream #0:0: Invalid data found when processing input
[aac @ 0x13e806c80] channel element 3.7 is not allocated
Error while decoding stream #0:0: Invalid data found when processing input
[aac @ 0x13e806c80] TNS filter order 31 is greater than maximum 12.
Error while decoding stream #0:0: Invalid data found when processing input
[aac @ 0x13e806c80] channel element 1.9 is not allocated
Error while decoding stream #0:0: Invalid data found when processing input
[aac @ 0x13e806c80] Reserved bit set.
[aac @ 0x13e806c80] Number of scalefactor bands in group (57) exceeds limit (43).
Error while decoding stream #0:0: Invalid data found when processing input
[aac @ 0x13e806c80] Error decoding AAC frame header.
Error while decoding stream #0:0: Error number -50531338 occurred
[aac @ 0x13e806c80] Number of bands (24) exceeds limit (4).
Error while decoding stream #0:0: Invalid data found when processing input
[aac @ 0x13e806c80] skip_data_stream_element: Input buffer exhausted before END element found
Error while decoding stream #0:0: Invalid data found when processing input
[aac @ 0x13e806c80] channel element 2.12 is not allocated
Error while decoding stream #0:0: Invalid data found when processing input
[aac @ 0x13e806c80] Sample rate index in program config element does not match the sample rate index configured by the container.
[aac @ 0x13e806c80] Number of bands (39) exceeds limit (19).
Error while decoding stream #0:0: Invalid data found when processing input
[aac @ 0x13e806c80] channel element 1.0 is not allocated
Error while decoding stream #0:0: Invalid data found when processing input
[aac @ 0x13e806c80] Reserved bit set.
[aac @ 0x13e806c80] Number of scalefactor bands in group (56) exceeds limit (40).
Error while decoding stream #0:0: Invalid data found when processing input
[aac @ 0x13e806c80] channel element 3.15 is not allocated
Error while decoding stream #0:0: Invalid data found when processing input
[aac @ 0x13e806c80] Error decoding AAC frame header.
Error while decoding stream #0:0: Error number -50531338 occurred
[aac @ 0x13e806c80] Number of bands (8) exceeds limit (1).
Error while decoding stream #0:0: Invalid data found when processing input
[aac @ 0x13e806c80] Number of bands (31) exceeds limit (16).
Error while decoding stream #0:0: Invalid data found when processing input
[aac @ 0x13e806c80] Dependent coupling is not supported together with LTP
    Last message repeated 22 times
[aac @ 0x13e806c80] Sample rate index in program config element does not match the sample rate index configured by the container.
[aac @ 0x13e806c80] Reserved bit set.
[aac @ 0x13e806c80] Number of bands (31) exceeds limit (26).
Error while decoding stream #0:0: Invalid data found when processing input
[aac @ 0x13e806c80] Number of bands (8) exceeds limit (3).
Error while decoding stream #0:0: Invalid data found when processing input
[aac @ 0x13e806c80] Dependent coupling is not supported together with LTP
    Last message repeated 20 times
[aac @ 0x13e806c80] channel element 3.14 is not allocated
Error while decoding stream #0:0: Invalid data found when processing input
[aac @ 0x13e806c80] Number of bands (16) exceeds limit (5).
Error while decoding stream #0:0: Invalid data found when processing input
[aac @ 0x13e806c80] Number of bands (17) exceeds limit (3).
Error while decoding stream #0:0: Invalid data found when processing input
[aac @ 0x13e806c80] channel element 3.1 is not allocated
Error while decoding stream #0:0: Invalid data found when processing input
[aac @ 0x13e806c80] channel element 2.15 is not allocated
Error while decoding stream #0:0: Invalid data found when processing input
[aac @ 0x13e806c80] channel element 3.6 is not allocated
Error while decoding stream #0:0: Invalid data found when processing input
[aac @ 0x13e806c80] channel element 3.9 is not allocated
Error while decoding stream #0:0: Invalid data found when processing input
[aac @ 0x13e806c80] Error decoding AAC frame header.
Error while decoding stream #0:0: Error number -50531338 occurred
[aac @ 0x13e806c80] channel element 2.13 is not allocated
Error while decoding stream #0:0: Invalid data found when processing input
[aac @ 0x13e806c80] Reserved bit set.
[aac @ 0x13e806c80] Number of bands (7) exceeds limit (4).
Error while decoding stream #0:0: Invalid data found when processing input
[aac @ 0x13e806c80] TNS filter order 31 is greater than maximum 12.
Error while decoding stream #0:0: Invalid data found when processing input
[aac @ 0x13e806c80] Number of bands (15) exceeds limit (13).
Error while decoding stream #0:0: Invalid data found when processing input
[aac @ 0x13e806c80] channel element 2.11 is not allocated
Error while decoding stream #0:0: Invalid data found when processing input
[aac @ 0x13e806c80] Sample rate index in program config element does not match the sample rate index configured by the container.
[aac @ 0x13e806c80] Reserved bit set.
[aac @ 0x13e806c80] Number of bands (22) exceeds limit (5).
Error while decoding stream #0:0: Invalid data found when processing input
[aac @ 0x13e806c80] Sample rate index in program config element does not match the sample rate index configured by the container.
[aac @ 0x13e806c80] Reserved bit set.
[aac @ 0x13e806c80] Number of bands (26) exceeds limit (25).
Error while decoding stream #0:0: Invalid data found when processing input
[aac @ 0x13e806c80] Reserved bit set.
[aac @ 0x13e806c80] Number of bands (31) exceeds limit (1).
Error while decoding stream #0:0: Invalid data found when processing input
[aac @ 0x13e806c80] Sample rate index in program config element does not match the sample rate index configured by the container.
[aac @ 0x13e806c80] Too large remapped id is not implemented. Update your FFmpeg version to the newest one from Git. If the problem still occurs, it means that your file has a feature which has not been implemented.
[aac @ 0x13e806c80] If you want to help, upload a sample of this file to https://streams.videolan.org/upload/ and contact the ffmpeg-devel mailing list. (ffmpeg-devel@ffmpeg.org)
Error while decoding stream #0:0: Not yet implemented in FFmpeg, patches welcome
[aac @ 0x13e806c80] channel element 2.12 is not allocated
Error while decoding stream #0:0: Invalid data found when processing input
[aac @ 0x13e806c80] channel element 2.7 is not allocated
Error while decoding stream #0:0: Invalid data found when processing input
[aac @ 0x13e806c80] Number of scalefactor bands in group (55) exceeds limit (49).
Error while decoding stream #0:0: Invalid data found when processing input
[aac @ 0x13e806c80] channel element 2.8 is not allocated
Error while decoding stream #0:0: Invalid data found when processing input
[aac @ 0x13e806c80] Number of scalefactor bands in group (62) exceeds limit (49).
Error while decoding stream #0:0: Invalid data found when processing input
[aac @ 0x13e806c80] channel element 2.3 is not allocated
Error while decoding stream #0:0: Invalid data found when processing input
[aac @ 0x13e806c80] Reserved bit set.
[aac @ 0x13e806c80] Number of bands (8) exceeds limit (4).
Error while decoding stream #0:0: Invalid data found when processing input
[aac @ 0x13e806c80] Sample rate index in program config element does not match the sample rate index configured by the container.
[aac @ 0x13e806c80] Number of bands (16) exceeds limit (1).
Error while decoding stream #0:0: Invalid data found when processing input
[aac @ 0x13e806c80] Reserved bit set.
[aac @ 0x13e806c80] Number of bands (8) exceeds limit (7).
Error while decoding stream #0:0: Invalid data found when processing input
[aac @ 0x13e806c80] Sample rate index in program config element does not match the sample rate index configured by the container.
[aac @ 0x13e806c80] Reserved bit set.
[aac @ 0x13e806c80] Number of bands (20) exceeds limit (15).
Error while decoding stream #0:0: Invalid data found when processing input
[aac @ 0x13e806c80] Sample rate index in program config element does not match the sample rate index configured by the container.
[aac @ 0x13e806c80] Number of bands (18) exceeds limit (4).
Error while decoding stream #0:0: Invalid data found when processing input
[aac @ 0x13e806c80] Reserved bit set.
[aac @ 0x13e806c80] Number of bands (24) exceeds limit (2).
Error while decoding stream #0:0: Invalid data found when processing input
[aac @ 0x13e806c80] Reserved bit set.
[aac @ 0x13e806c80] invalid band type
Error while decoding stream #0:0: Invalid data found when processing input
[aac @ 0x13e806c80] channel element 3.15 is not allocated
Error while decoding stream #0:0: Invalid data found when processing input
[aac @ 0x13e806c80] Number of bands (17) exceeds limit (10).
Error while decoding stream #0:0: Invalid data found when processing input
[aac @ 0x13e806c80] Reserved bit set.
[aac @ 0x13e806c80] Number of scalefactor bands in group (62) exceeds limit (43).
Error while decoding stream #0:0: Invalid data found when processing input
[aac @ 0x13e806c80] Number of bands (16) exceeds limit (2).
Error while decoding stream #0:0: Invalid data found when processing input
[aac @ 0x13e806c80] Reserved bit set.
[aac @ 0x13e806c80] Number of bands (24) exceeds limit (3).
Error while decoding stream #0:0: Invalid data found when processing input
[aac @ 0x13e806c80] Sample rate index in program config element does not match the sample rate index configured by the container.
[aac @ 0x13e806c80] Too large remapped id is not implemented. Update your FFmpeg version to the newest one from Git. If the problem still occurs, it means that your file has a feature which has not been implemented.
[aac @ 0x13e806c80] If you want to help, upload a sample of this file to https://streams.videolan.org/upload/ and contact the ffmpeg-devel mailing list. (ffmpeg-devel@ffmpeg.org)
Error while decoding stream #0:0: Not yet implemented in FFmpeg, patches welcome
[aac @ 0x13e806c80] Reserved bit set.
[aac @ 0x13e806c80] Prediction is not allowed in AAC-LC.
Error while decoding stream #0:0: Invalid data found when processing input
[aac @ 0x13e806c80] Number of bands (39) exceeds limit (15).
Error while decoding stream #0:0: Invalid data found when processing input
[aac @ 0x13e806c80] Prediction is not allowed in AAC-LC.
Error while decoding stream #0:0: Invalid data found when processing input
[aac @ 0x13e806c80] Sample rate index in program config element does not match the sample rate index configured by the container.
[aac @ 0x13e806c80] Reserved bit set.
[aac @ 0x13e806c80] Number of bands (25) exceeds limit (19).
Error while decoding stream #0:0: Invalid data found when processing input
[aac @ 0x13e806c80] Reserved bit set.
[aac @ 0x13e806c80] Number of scalefactor bands in group (52) exceeds limit (41).
Error while decoding stream #0:0: Invalid data found when processing input
[aac @ 0x13e806c80] Reserved bit set.
[aac @ 0x13e806c80] invalid band type
Error while decoding stream #0:0: Invalid data found when processing input
[aac @ 0x13e806c80] Number of bands (17) exceeds limit (14).
Error while decoding stream #0:0: Invalid data found when processing input
[aac @ 0x13e806c80] invalid band type
Error while decoding stream #0:0: Invalid data found when processing input
[aac @ 0x13e806c80] Sample rate index in program config element does not match the sample rate index configured by the container.
[aac @ 0x13e806c80] Number of bands (26) exceeds limit (9).
Error while decoding stream #0:0: Invalid data found when processing input
[aac @ 0x13e806c80] Reserved bit set.
[aac @ 0x13e806c80] Number of bands (17) exceeds limit (12).
Error while decoding stream #0:0: Invalid data found when processing input
[aac @ 0x13e806c80] channel element 2.6 is not allocated
Error while decoding stream #0:0: Invalid data found when processing input
[aac @ 0x13e806c80] Reserved bit set.
[aac @ 0x13e806c80] Number of bands (24) exceeds limit (1).
Error demuxing input file 0: Invalid data found when processing input
Error while decoding stream #0:0: Invalid data found when processing input
[aac @ 0x13e806c80] channel element 3.1 is not allocated
Error while decoding stream #0:0: Invalid data found when processing input
/Users/sai/Desktop/maps/sessions/16b80e49-fabf-453a-9138-e34fd21a3f00/audio.temp.aac: Invalid data found when processing input
size=       0kB time=00:00:00.00 bitrate=3452.2kbits/s speed=0.0434x    
video:0kB audio:0kB subtitle:0kB other streams:0kB global headers:0kB muxing overhead: 121.153847%
Conversion failed!
