ffmpeg version 6.0 Copyright (c) 2000-2023 the FFmpeg developers
  built with Apple clang version 13.1.6 (clang-1316.0.21.2.5)
  configuration: --prefix=/Volumes/tempdisk/sw --extra-cflags=-fno-stack-check --arch=arm64 --cc=/usr/bin/clang --enable-gpl --enable-libvmaf --enable-libbluray --enable-libopenjpeg --enable-libopus --enable-libmp3lame --enable-libx264 --enable-libx265 --enable-libvpx --enable-libwebp --enable-libass --enable-libfreetype --enable-fontconfig --enable-libtheora --enable-libvorbis --enable-libsnappy --enable-libaom --enable-libvidstab --enable-libzimg --enable-libsvtav1 --enable-libkvazaar --enable-version3 --pkg-config-flags=--static --enable-ffplay --enable-postproc --enable-nonfree --enable-neon --enable-runtime-cpudetect --disable-indev=qtkit --disable-indev=x11grab_xcb
  libavutil      58.  2.100 / 58.  2.100
  libavcodec     60.  3.100 / 60.  3.100
  libavformat    60.  3.100 / 60.  3.100
  libavdevice    60.  1.100 / 60.  1.100
  libavfilter     9.  3.100 /  9.  3.100
  libswscale      7.  1.100 /  7.  1.100
  libswresample   4. 10.100 /  4. 10.100
  libpostproc    57.  1.100 / 57.  1.100
[aac @ 0x1440041b0] Format aac detected only with low score of 1, misdetection possible!
[aac @ 0x1437051b0] More than one AAC RDB per ADTS frame is not implemented. Update your FFmpeg version to the newest one from Git. If the problem still occurs, it means that your file has a feature which has not been implemented.
[aac @ 0x1437051b0] Multiple frames in a packet.
[aac @ 0x1437051b0] channel element 1.2 is not allocated
[aac @ 0x1437051b0] Error decoding AAC frame header.
[aac @ 0x1437051b0] channel element 2.12 is not allocated
[aac @ 0x1437051b0] channel element 3.0 is not allocated
[aac @ 0x1437051b0] Assuming an incorrectly encoded 7.1 channel layout instead of a spec-compliant 7.1(wide) layout, use -strict 1 to decode according to the specification instead.
[aac @ 0x1437051b0] Number of bands (33) exceeds limit (19).
[aac @ 0x1437051b0] TYPE_FIL: Input buffer exhausted before END element found
[aac @ 0x1437051b0] Number of scalefactor bands in group (61) exceeds limit (40).
[aac @ 0x1437051b0] channel element 2.3 is not allocated
[aac @ 0x1437051b0] channel element 1.10 is not allocated
[aac @ 0x1437051b0] Reserved bit set.
[aac @ 0x1437051b0] Number of bands (8) exceeds limit (5).
[aac @ 0x1437051b0] channel element 1.5 is not allocated
[aac @ 0x1437051b0] Error decoding AAC frame header.
[aac @ 0x1437051b0] Reserved bit set.
[aac @ 0x1437051b0] Invalid Predictor Reset Group.
[aac @ 0x1437051b0] Reserved bit set.
[aac @ 0x1437051b0] Number of bands (8) exceeds limit (6).
[aac @ 0x1437051b0] Sample rate index in program config element does not match the sample rate index configured by the container.
[aac @ 0x1437051b0] Reserved bit set.
[aac @ 0x1437051b0] Number of bands (16) exceeds limit (11).
[aac @ 0x1437051b0] Reserved bit set.
[aac @ 0x1437051b0] Number of bands (14) exceeds limit (6).
[aac @ 0x1437051b0] Dependent coupling is not supported together with LTP
    Last message repeated 13 times
[aac @ 0x1437051b0] Error decoding AAC frame header.
[aac @ 0x1437051b0] channel element 3.13 is not allocated
[aac @ 0x1437051b0] channel element 3.0 is not allocated
[aac @ 0x1437051b0] Reserved bit set.
[aac @ 0x1437051b0] Number of bands (27) exceeds limit (14).
[aac @ 0x1437051b0] channel element 1.0 is not allocated
[aac @ 0x1437051b0] Number of bands (37) exceeds limit (26).
[aac @ 0x1437051b0] Reserved bit set.
[aac @ 0x1437051b0] Number of bands (16) exceeds limit (2).
[aac @ 0x1437051b0] Number of bands (23) exceeds limit (3).
[aac @ 0x1437051b0] Dependent coupling is not supported together with LTP
    Last message repeated 13 times
[aac @ 0x1437051b0] channel element 1.7 is not allocated
[aac @ 0x1437051b0] channel element 1.2 is not allocated
[aac @ 0x1437051b0] channel element 1.8 is not allocated
[aac @ 0x1437051b0] channel element 2.7 is not allocated
[aac @ 0x1437051b0] channel element 2.0 is not allocated
[aac @ 0x1437051b0] Reserved bit set.
[aac @ 0x1437051b0] Number of bands (24) exceeds limit (9).
[aac @ 0x1437051b0] Sample rate index in program config element does not match the sample rate index configured by the container.
[aac @ 0x1437051b0] Too large remapped id is not implemented. Update your FFmpeg version to the newest one from Git. If the problem still occurs, it means that your file has a feature which has not been implemented.
[aac @ 0x1437051b0] If you want to help, upload a sample of this file to https://streams.videolan.org/upload/ and contact the ffmpeg-devel mailing list. (ffmpeg-devel@ffmpeg.org)
[aac @ 0x1437051b0] channel element 3.1 is not allocated
[aac @ 0x1437051b0] Sample rate index in program config element does not match the sample rate index configured by the container.
[aac @ 0x1437051b0] Too large remapped id is not implemented. Update your FFmpeg version to the newest one from Git. If the problem still occurs, it means that your file has a feature which has not been implemented.
[aac @ 0x1437051b0] If you want to help, upload a sample of this file to https://streams.videolan.org/upload/ and contact the ffmpeg-devel mailing list. (ffmpeg-devel@ffmpeg.org)
[aac @ 0x1437051b0] Reserved bit set.
[aac @ 0x1437051b0] Number of bands (24) exceeds limit (15).
[aac @ 0x1437051b0] Dependent coupling is not supported together with LTP
    Last message repeated 13 times
[aac @ 0x1437051b0] Number of bands (7) exceeds limit (1).
[aac @ 0x1437051b0] channel element 1.0 is not allocated
[aac @ 0x1437051b0] Scalefactor (278) out of range.
[aac @ 0x1437051b0] channel element 2.10 is not allocated
[aac @ 0x1437051b0] Sample rate index in program config element does not match the sample rate index configured by the container.
[aac @ 0x1437051b0] Error decoding AAC frame header.
[aac @ 0x1437051b0] channel element 2.13 is not allocated
[aac @ 0x1437051b0] channel element 1.15 is not allocated
[aac @ 0x1437051b0] Reserved bit set.
[aac @ 0x1437051b0] invalid band type
[aac @ 0x1437051b0] channel element 2.5 is not allocated
[aac @ 0x1437051b0] channel element 1.9 is not allocated
[aac @ 0x1437051b0] channel element 1.2 is not allocated
[aac @ 0x1437051b0] channel element 1.12 is not allocated
[aac @ 0x1437051b0] Reserved bit set.
[aac @ 0x1437051b0] Number of bands (16) exceeds limit (5).
[aac @ 0x1437051b0] Number of bands (24) exceeds limit (1).
[aac @ 0x1437051b0] channel element 3.3 is not allocated
[aac @ 0x1437051b0] channel element 1.1 is not allocated
[aac @ 0x1437051b0] Invalid Predictor Reset Group.
[aac @ 0x1437051b0] Reserved bit set.
[aac @ 0x1437051b0] decode_band_types: Input buffer exhausted before END element found
[aac @ 0x1437051b0] Reserved bit set.
[aac @ 0x1437051b0] Invalid Predictor Reset Group.
[aac @ 0x1437051b0] channel element 3.1 is not allocated
[aac @ 0x1437051b0] channel element 2.2 is not allocated
[aac @ 0x1437051b0] channel element 3.6 is not allocated
[aac @ 0x1437051b0] channel element 1.12 is not allocated
[aac @ 0x1437051b0] Error decoding AAC frame header.
[aac @ 0x1437051b0] Too large remapped id is not implemented. Update your FFmpeg version to the newest one from Git. If the problem still occurs, it means that your file has a feature which has not been implemented.
[aac @ 0x1437051b0] If you want to help, upload a sample of this file to https://streams.videolan.org/upload/ and contact the ffmpeg-devel mailing list. (ffmpeg-devel@ffmpeg.org)
[aac @ 0x1437051b0] Number of bands (8) exceeds limit (2).
[aac @ 0x1437051b0] Reserved bit set.
[aac @ 0x1437051b0] Number of bands (16) exceeds limit (2).
[aac @ 0x1437051b0] channel element 0.1 is not allocated
[aac @ 0x1437051b0] Reserved bit set.
[aac @ 0x1437051b0] Number of bands (24) exceeds limit (4).
[aac @ 0x1437051b0] channel element 1.2 is not allocated
[aac @ 0x1437051b0] channel element 3.12 is not allocated
[aac @ 0x1437051b0] Number of bands (4) exceeds limit (3).
[aac @ 0x1437051b0] Dependent coupling is not supported together with LTP
    Last message repeated 15 times
[aac @ 0x1437051b0] channel element 3.3 is not allocated
[aac @ 0x1437051b0] Sample rate index in program config element does not match the sample rate index configured by the container.
[aac @ 0x1437051b0] Too large remapped id is not implemented. Update your FFmpeg version to the newest one from Git. If the problem still occurs, it means that your file has a feature which has not been implemented.
[aac @ 0x1437051b0] If you want to help, upload a sample of this file to https://streams.videolan.org/upload/ and contact the ffmpeg-devel mailing list. (ffmpeg-devel@ffmpeg.org)
[aac @ 0x1437051b0] Invalid Predictor Reset Group.
[aac @ 0x1437051b0] Sample rate index in program config element does not match the sample rate index configured by the container.
[aac @ 0x1437051b0] decode_pce: Input buffer exhausted before END element found
[aac @ 0x1437051b0] channel element 2.10 is not allocated
[aac @ 0x1437051b0] channel element 2.2 is not allocated
[aac @ 0x1437051b0] channel element 3.10 is not allocated
[aac @ 0x1437051b0] channel element 1.14 is not allocated
[aac @ 0x1437051b0] channel element 3.3 is not allocated
[aac @ 0x1437051b0] Sample rate index in program config element does not match the sample rate index configured by the container.
[aac @ 0x1437051b0] Reserved bit set.
[aac @ 0x1437051b0] Number of bands (31) exceeds limit (3).
[aac @ 0x1437051b0] Error decoding AAC frame header.
[aac @ 0x1437051b0] channel element 2.4 is not allocated
[aac @ 0x1437051b0] channel element 3.15 is not allocated
[aac @ 0x1437051b0] Reserved bit set.
[aac @ 0x1437051b0] invalid band type
[aac @ 0x1437051b0] Reserved bit set.
[aac @ 0x1437051b0] invalid band type
[aac @ 0x1437051b0] channel element 3.15 is not allocated
[aac @ 0x1437051b0] channel element 2.3 is not allocated
[aac @ 0x1437051b0] Number of bands (9) exceeds limit (5).
[aac @ 0x1437051b0] Reserved bit set.
[aac @ 0x1437051b0] Invalid Predictor Reset Group.
[aac @ 0x1437051b0] channel element 2.13 is not allocated
[aac @ 0x1437051b0] Reserved bit set.
[aac @ 0x1437051b0] channel element 0.4 is not allocated
[aac @ 0x1437051b0] channel element 3.15 is not allocated
[aac @ 0x1437051b0] channel element 3.14 is not allocated
[aac @ 0x1437051b0] channel element 1.5 is not allocated
[aac @ 0x1437051b0] channel element 3.12 is not allocated
[aac @ 0x1437051b0] Reserved bit set.
[aac @ 0x1437051b0] Number of bands (14) exceeds limit (12).
[aac @ 0x1437051b0] channel element 2.9 is not allocated
[aac @ 0x1437051b0] Reserved bit set.
[aac @ 0x1437051b0] Number of scalefactor bands in group (62) exceeds limit (51).
[aac @ 0x1437051b0] Invalid Predictor Reset Group.
[aac @ 0x1437051b0] channel element 3.3 is not allocated
[aac @ 0x1437051b0] channel element 1.9 is not allocated
[aac @ 0x1437051b0] channel element 1.12 is not allocated
[aac @ 0x1437051b0] channel element 2.11 is not allocated
[aac @ 0x1437051b0] channel element 1.9 is not allocated
[aac @ 0x1437051b0] Pulse data corrupt or invalid.
[aac @ 0x1437051b0] channel element 3.15 is not allocated
[aac @ 0x1437051b0] Reserved bit set.
[aac @ 0x1437051b0] invalid band type
[aac @ 0x1437051b0] Input buffer exhausted before END element found
[aac @ 0x1437051b0] Number of bands (8) exceeds limit (4).
[aac @ 0x1437051b0] Dependent coupling is not supported together with LTP
    Last message repeated 23 times
[aac @ 0x1437051b0] channel element 1.11 is not allocated
[aac @ 0x1437051b0] Sample rate index in program config element does not match the sample rate index configured by the container.
[aac @ 0x1437051b0] invalid band type
[aac @ 0x1437051b0] channel element 2.5 is not allocated
[aac @ 0x1437051b0] Error decoding AAC frame header.
[aac @ 0x1437051b0] Number of bands (24) exceeds limit (9).
[aac @ 0x1437051b0] Number of bands (30) exceeds limit (11).
[aac @ 0x1437051b0] Reserved bit set.
[aac @ 0x1437051b0] decode_band_types: Input buffer exhausted before END element found
[aac @ 0x1437051b0] channel element 3.6 is not allocated
[aac @ 0x1437051b0] Dependent coupling is not supported together with LTP
    Last message repeated 25 times
[aac @ 0x1437051b0] channel element 1.10 is not allocated
[aac @ 0x1437051b0] Reserved bit set.
[aac @ 0x1437051b0] Invalid Predictor Reset Group.
[aac @ 0x1437051b0] Dependent coupling is not supported together with LTP
    Last message repeated 25 times
[aac @ 0x1437051b0] Number of bands (16) exceeds limit (7).
[aac @ 0x1437051b0] Error decoding AAC frame header.
[aac @ 0x1437051b0] Gain control is not implemented. Update your FFmpeg version to the newest one from Git. If the problem still occurs, it means that your file has a feature which has not been implemented.
[aac @ 0x1437051b0] channel element 2.10 is not allocated
[aac @ 0x1437051b0] Number of bands (13) exceeds limit (6).
[aac @ 0x1437051b0] channel element 2.0 is not allocated
[aac @ 0x1437051b0] channel element 1.9 is not allocated
[aac @ 0x1437051b0] channel element 2.14 is not allocated
[aac @ 0x1437051b0] Reserved bit set.
    Last message repeated 1 times
[aac @ 0x1437051b0] Invalid Predictor Reset Group.
[aac @ 0x1437051b0] channel element 3.7 is not allocated
[aac @ 0x1437051b0] Number of bands (30) exceeds limit (23).
[aac @ 0x1437051b0] Sample rate index in program config element does not match the sample rate index configured by the container.
[aac @ 0x1437051b0] Too large remapped id is not implemented. Update your FFmpeg version to the newest one from Git. If the problem still occurs, it means that your file has a feature which has not been implemented.
[aac @ 0x1437051b0] If you want to help, upload a sample of this file to https://streams.videolan.org/upload/ and contact the ffmpeg-devel mailing list. (ffmpeg-devel@ffmpeg.org)
[aac @ 0x1437051b0] Number of bands (8) exceeds limit (6).
[aac @ 0x1437051b0] Number of scalefactor bands in group (51) exceeds limit (41).
[aac @ 0x1437051b0] Reserved bit set.
[aac @ 0x1437051b0] Sample rate index in program config element does not match the sample rate index configured by the container.
[aac @ 0x1437051b0] Reserved bit set.
[aac @ 0x1437051b0] Invalid Predictor Reset Group.
[aac @ 0x1437051b0] Reserved bit set.
[aac @ 0x1437051b0] Prediction is not allowed in AAC-LC.
[aac @ 0x1437051b0] Reserved bit set.
[aac @ 0x1437051b0] Invalid Predictor Reset Group.
[aac @ 0x1437051b0] Dependent coupling is not supported together with LTP
    Last message repeated 25 times
[aac @ 0x1437051b0] channel element 3.6 is not allocated
[aac @ 0x1437051b0] channel element 2.15 is not allocated
[aac @ 0x1437051b0] Error decoding AAC frame header.
[aac @ 0x1437051b0] channel element 3.5 is not allocated
[aac @ 0x1437051b0] skip_data_stream_element: Input buffer exhausted before END element found
[aac @ 0x1437051b0] channel element 2.2 is not allocated
[aac @ 0x1437051b0] Sample rate index in program config element does not match the sample rate index configured by the container.
    Last message repeated 1 times
[aac @ 0x1437051b0] Reserved bit set.
[aac @ 0x1437051b0] invalid band type
[aac @ 0x1437051b0] Error decoding AAC frame header.
[aac @ 0x1440041b0] Estimating duration from bitrate, this may be inaccurate
Input #0, aac, from '/Users/sai/Desktop/maps/sessions/2ac5f412-6104-4e2e-a7f7-452b82d359bb/audio.temp.aac':
  Duration: 00:00:05.23, bitrate: 1460 kb/s
  Stream #0:0: Audio: aac (Main), 96000 Hz, 3.0, fltp, 1456 kb/s
Stream mapping:
  Stream #0:0 -> #0:0 (aac (native) -> mp3 (libmp3lame))
Press [q] to stop, [?] for help
[aac @ 0x143618240] channel element 0.0 duplicate
Error while decoding stream #0:0: Invalid data found when processing input
[aac @ 0x143618240] More than one AAC RDB per ADTS frame is not implemented. Update your FFmpeg version to the newest one from Git. If the problem still occurs, it means that your file has a feature which has not been implemented.
[aac @ 0x143618240] Multiple frames in a packet.
[aac @ 0x143618240] channel element 1.2 is not allocated
Error while decoding stream #0:0: Invalid data found when processing input
[aac @ 0x143618240] Error decoding AAC frame header.
Error while decoding stream #0:0: Error number -50531338 occurred
[aac @ 0x143618240] channel element 2.12 is not allocated
Error while decoding stream #0:0: Invalid data found when processing input
[aac @ 0x143618240] channel element 3.0 is not allocated
Error while decoding stream #0:0: Invalid data found when processing input
[aac @ 0x143618240] Assuming an incorrectly encoded 7.1 channel layout instead of a spec-compliant 7.1(wide) layout, use -strict 1 to decode according to the specification instead.
[aac @ 0x143618240] Number of bands (33) exceeds limit (19).
Error while decoding stream #0:0: Invalid data found when processing input
[aac @ 0x143618240] TYPE_FIL: Input buffer exhausted before END element found
Error while decoding stream #0:0: Invalid data found when processing input
[aac @ 0x143618240] Number of scalefactor bands in group (61) exceeds limit (40).
Error while decoding stream #0:0: Invalid data found when processing input
[aac @ 0x143618240] channel element 2.3 is not allocated
Error while decoding stream #0:0: Invalid data found when processing input
[aac @ 0x143618240] channel element 1.10 is not allocated
Error while decoding stream #0:0: Invalid data found when processing input
[aac @ 0x143618240] Reserved bit set.
[aac @ 0x143618240] Number of bands (8) exceeds limit (5).
Error while decoding stream #0:0: Invalid data found when processing input
[aac @ 0x143618240] channel element 1.5 is not allocated
Error while decoding stream #0:0: Invalid data found when processing input
[aac @ 0x143618240] Error decoding AAC frame header.
Error while decoding stream #0:0: Error number -50531338 occurred
[aac @ 0x143618240] Reserved bit set.
[aac @ 0x143618240] Invalid Predictor Reset Group.
Error while decoding stream #0:0: Invalid data found when processing input
[aac @ 0x143618240] Reserved bit set.
[aac @ 0x143618240] Number of bands (8) exceeds limit (6).
Error while decoding stream #0:0: Invalid data found when processing input
[aac @ 0x143618240] Sample rate index in program config element does not match the sample rate index configured by the container.
[aac @ 0x143618240] Reserved bit set.
[aac @ 0x143618240] Number of bands (16) exceeds limit (11).
Error while decoding stream #0:0: Invalid data found when processing input
[aac @ 0x143618240] Reserved bit set.
[aac @ 0x143618240] Number of bands (21) exceeds limit (6).
Error while decoding stream #0:0: Invalid data found when processing input
[aac @ 0x143618240] Dependent coupling is not supported together with LTP
    Last message repeated 13 times
[aac @ 0x143618240] Error decoding AAC frame header.
Error while decoding stream #0:0: Error number -50531338 occurred
[aac @ 0x143618240] channel element 3.13 is not allocated
Error while decoding stream #0:0: Invalid data found when processing input
[aac @ 0x143618240] channel element 3.0 is not allocated
Error while decoding stream #0:0: Invalid data found when processing input
[aac @ 0x143618240] Reserved bit set.
[aac @ 0x143618240] Number of bands (27) exceeds limit (14).
Error while decoding stream #0:0: Invalid data found when processing input
[aac @ 0x143618240] channel element 1.0 is not allocated
Error while decoding stream #0:0: Invalid data found when processing input
[aac @ 0x143618240] Number of bands (37) exceeds limit (26).
Error while decoding stream #0:0: Invalid data found when processing input
[aac @ 0x143618240] Reserved bit set.
[aac @ 0x143618240] Number of bands (16) exceeds limit (2).
Error while decoding stream #0:0: Invalid data found when processing input
[aac @ 0x143618240] Number of bands (16) exceeds limit (3).
Error while decoding stream #0:0: Invalid data found when processing input
[aac @ 0x143618240] Dependent coupling is not supported together with LTP
    Last message repeated 13 times
[aac @ 0x143618240] channel element 1.7 is not allocated
Error while decoding stream #0:0: Invalid data found when processing input
[aac @ 0x143618240] channel element 1.2 is not allocated
Error while decoding stream #0:0: Invalid data found when processing input
[aac @ 0x143618240] channel element 1.8 is not allocated
Error while decoding stream #0:0: Invalid data found when processing input
[aac @ 0x143618240] channel element 2.7 is not allocated
Error while decoding stream #0:0: Invalid data found when processing input
[aac @ 0x143618240] channel element 2.0 is not allocated
Error while decoding stream #0:0: Invalid data found when processing input
[aac @ 0x143618240] Reserved bit set.
[aac @ 0x143618240] Number of bands (24) exceeds limit (9).
Error while decoding stream #0:0: Invalid data found when processing input
[aac @ 0x143618240] Sample rate index in program config element does not match the sample rate index configured by the container.
[aac @ 0x143618240] Too large remapped id is not implemented. Update your FFmpeg version to the newest one from Git. If the problem still occurs, it means that your file has a feature which has not been implemented.
[aac @ 0x143618240] If you want to help, upload a sample of this file to https://streams.videolan.org/upload/ and contact the ffmpeg-devel mailing list. (ffmpeg-devel@ffmpeg.org)
Error while decoding stream #0:0: Not yet implemented in FFmpeg, patches welcome
[aac @ 0x143618240] channel element 3.1 is not allocated
Error while decoding stream #0:0: Invalid data found when processing input
[aac @ 0x143618240] Sample rate index in program config element does not match the sample rate index configured by the container.
[aac @ 0x143618240] Too large remapped id is not implemented. Update your FFmpeg version to the newest one from Git. If the problem still occurs, it means that your file has a feature which has not been implemented.
[aac @ 0x143618240] If you want to help, upload a sample of this file to https://streams.videolan.org/upload/ and contact the ffmpeg-devel mailing list. (ffmpeg-devel@ffmpeg.org)
Error while decoding stream #0:0: Not yet implemented in FFmpeg, patches welcome
[aac @ 0x143618240] Reserved bit set.
[aac @ 0x143618240] Number of bands (26) exceeds limit (15).
Error while decoding stream #0:0: Invalid data found when processing input
[aac @ 0x143618240] Dependent coupling is not supported together with LTP
    Last message repeated 13 times
[aac @ 0x143618240] Number of bands (7) exceeds limit (1).
Error while decoding stream #0:0: Invalid data found when processing input
[aac @ 0x143618240] channel element 1.0 is not allocated
Error while decoding stream #0:0: Invalid data found when processing input
[aac @ 0x143618240] Scalefactor (278) out of range.
Error while decoding stream #0:0: Invalid data found when processing input
[aac @ 0x143618240] channel element 2.10 is not allocated
Error while decoding stream #0:0: Invalid data found when processing input
[aac @ 0x143618240] Sample rate index in program config element does not match the sample rate index configured by the container.
Error while decoding stream #0:0: Invalid data found when processing input
[aac @ 0x143618240] Error decoding AAC frame header.
Error while decoding stream #0:0: Error number -50531338 occurred
[aac @ 0x143618240] channel element 2.13 is not allocated
Error while decoding stream #0:0: Invalid data found when processing input
[aac @ 0x143618240] channel element 1.15 is not allocated
Error while decoding stream #0:0: Invalid data found when processing input
[aac @ 0x143618240] Reserved bit set.
[aac @ 0x143618240] invalid band type
Error while decoding stream #0:0: Invalid data found when processing input
[aac @ 0x143618240] channel element 2.5 is not allocated
Error while decoding stream #0:0: Invalid data found when processing input
[aac @ 0x143618240] channel element 1.9 is not allocated
Error while decoding stream #0:0: Invalid data found when processing input
[aac @ 0x143618240] channel element 1.2 is not allocated
Error while decoding stream #0:0: Invalid data found when processing input
[aac @ 0x143618240] channel element 1.12 is not allocated
Error while decoding stream #0:0: Invalid data found when processing input
[aac @ 0x143618240] Reserved bit set.
[aac @ 0x143618240] Number of bands (16) exceeds limit (5).
Error while decoding stream #0:0: Invalid data found when processing input
[aac @ 0x143618240] Number of bands (24) exceeds limit (1).
Error while decoding stream #0:0: Invalid data found when processing input
[aac @ 0x143618240] channel element 3.3 is not allocated
Error while decoding stream #0:0: Invalid data found when processing input
[aac @ 0x143618240] channel element 1.1 is not allocated
Error while decoding stream #0:0: Invalid data found when processing input
[aac @ 0x143618240] Number of bands (28) exceeds limit (11).
Error while decoding stream #0:0: Invalid data found when processing input
[aac @ 0x143618240] Reserved bit set.
[aac @ 0x143618240] decode_band_types: Input buffer exhausted before END element found
Error while decoding stream #0:0: Invalid data found when processing input
[aac @ 0x143618240] Reserved bit set.
[aac @ 0x143618240] Number of scalefactor bands in group (55) exceeds limit (41).
Error while decoding stream #0:0: Invalid data found when processing input
[aac @ 0x143618240] channel element 3.1 is not allocated
Error while decoding stream #0:0: Invalid data found when processing input
[aac @ 0x143618240] channel element 2.2 is not allocated
Error while decoding stream #0:0: Invalid data found when processing input
[aac @ 0x143618240] channel element 3.6 is not allocated
Error while decoding stream #0:0: Invalid data found when processing input
[aac @ 0x143618240] channel element 1.12 is not allocated
Error while decoding stream #0:0: Invalid data found when processing input
[aac @ 0x143618240] Error decoding AAC frame header.
Error while decoding stream #0:0: Error number -50531338 occurred
[aac @ 0x143618240] Too large remapped id is not implemented. Update your FFmpeg version to the newest one from Git. If the problem still occurs, it means that your file has a feature which has not been implemented.
[aac @ 0x143618240] If you want to help, upload a sample of this file to https://streams.videolan.org/upload/ and contact the ffmpeg-devel mailing list. (ffmpeg-devel@ffmpeg.org)
Error while decoding stream #0:0: Not yet implemented in FFmpeg, patches welcome
[aac @ 0x143618240] Number of bands (16) exceeds limit (2).
Error while decoding stream #0:0: Invalid data found when processing input
[aac @ 0x143618240] Reserved bit set.
[aac @ 0x143618240] Number of bands (16) exceeds limit (2).
Error while decoding stream #0:0: Invalid data found when processing input
[aac @ 0x143618240] channel element 0.1 is not allocated
Error while decoding stream #0:0: Invalid data found when processing input
[aac @ 0x143618240] Reserved bit set.
[aac @ 0x143618240] Number of bands (24) exceeds limit (4).
Error while decoding stream #0:0: Invalid data found when processing input
[aac @ 0x143618240] channel element 1.2 is not allocated
Error while decoding stream #0:0: Invalid data found when processing input
[aac @ 0x143618240] channel element 3.12 is not allocated
Error while decoding stream #0:0: Invalid data found when processing input
[aac @ 0x143618240] invalid band type
Error while decoding stream #0:0: Invalid data found when processing input
[aac @ 0x143618240] Dependent coupling is not supported together with LTP
    Last message repeated 15 times
[aac @ 0x143618240] channel element 3.3 is not allocated
Error while decoding stream #0:0: Invalid data found when processing input
[aac @ 0x143618240] Sample rate index in program config element does not match the sample rate index configured by the container.
[aac @ 0x143618240] Too large remapped id is not implemented. Update your FFmpeg version to the newest one from Git. If the problem still occurs, it means that your file has a feature which has not been implemented.
[aac @ 0x143618240] If you want to help, upload a sample of this file to https://streams.videolan.org/upload/ and contact the ffmpeg-devel mailing list. (ffmpeg-devel@ffmpeg.org)
Error while decoding stream #0:0: Not yet implemented in FFmpeg, patches welcome
[aac @ 0x143618240] Invalid Predictor Reset Group.
Error while decoding stream #0:0: Invalid data found when processing input
[aac @ 0x143618240] Sample rate index in program config element does not match the sample rate index configured by the container.
[aac @ 0x143618240] decode_pce: Input buffer exhausted before END element found
Error while decoding stream #0:0: Operation not permitted
[aac @ 0x143618240] channel element 2.10 is not allocated
Error while decoding stream #0:0: Invalid data found when processing input
[aac @ 0x143618240] channel element 2.2 is not allocated
Error while decoding stream #0:0: Invalid data found when processing input
[aac @ 0x143618240] channel element 3.10 is not allocated
Error while decoding stream #0:0: Invalid data found when processing input
[aac @ 0x143618240] channel element 1.14 is not allocated
Error while decoding stream #0:0: Invalid data found when processing input
[aac @ 0x143618240] channel element 3.3 is not allocated
Error while decoding stream #0:0: Invalid data found when processing input
[aac @ 0x143618240] Sample rate index in program config element does not match the sample rate index configured by the container.
[aac @ 0x143618240] Reserved bit set.
[aac @ 0x143618240] Number of bands (31) exceeds limit (3).
Error while decoding stream #0:0: Invalid data found when processing input
[aac @ 0x143618240] Error decoding AAC frame header.
Error while decoding stream #0:0: Error number -50531338 occurred
[aac @ 0x143618240] channel element 2.4 is not allocated
Error while decoding stream #0:0: Invalid data found when processing input
[aac @ 0x143618240] channel element 3.15 is not allocated
Error while decoding stream #0:0: Invalid data found when processing input
[aac @ 0x143618240] Reserved bit set.
[aac @ 0x143618240] invalid band type
Error while decoding stream #0:0: Invalid data found when processing input
[aac @ 0x143618240] Reserved bit set.
[aac @ 0x143618240] invalid band type
Error while decoding stream #0:0: Invalid data found when processing input
[aac @ 0x143618240] channel element 3.15 is not allocated
Error while decoding stream #0:0: Invalid data found when processing input
[aac @ 0x143618240] channel element 2.3 is not allocated
Error while decoding stream #0:0: Invalid data found when processing input
[aac @ 0x143618240] Number of bands (9) exceeds limit (5).
Error while decoding stream #0:0: Invalid data found when processing input
[aac @ 0x143618240] Reserved bit set.
[aac @ 0x143618240] Number of bands (44) exceeds limit (33).
Error while decoding stream #0:0: Invalid data found when processing input
[aac @ 0x143618240] channel element 2.13 is not allocated
Error while decoding stream #0:0: Invalid data found when processing input
[aac @ 0x143618240] Reserved bit set.
[aac @ 0x143618240] invalid band type
Error while decoding stream #0:0: Invalid data found when processing input
[aac @ 0x143618240] channel element 3.15 is not allocated
Error while decoding stream #0:0: Invalid data found when processing input
[aac @ 0x143618240] channel element 3.14 is not allocated
Error while decoding stream #0:0: Invalid data found when processing input
[aac @ 0x143618240] channel element 1.5 is not allocated
Error while decoding stream #0:0: Invalid data found when processing input
[aac @ 0x143618240] channel element 3.12 is not allocated
Error while decoding stream #0:0: Invalid data found when processing input
[aac @ 0x143618240] Reserved bit set.
[aac @ 0x143618240] Number of bands (14) exceeds limit (12).
Error while decoding stream #0:0: Invalid data found when processing input
[aac @ 0x143618240] channel element 2.9 is not allocated
Error while decoding stream #0:0: Invalid data found when processing input
[aac @ 0x143618240] Reserved bit set.
[aac @ 0x143618240] Number of scalefactor bands in group (62) exceeds limit (51).
Error while decoding stream #0:0: Invalid data found when processing input
[aac @ 0x143618240] Number of bands (12) exceeds limit (6).
Error while decoding stream #0:0: Invalid data found when processing input
[aac @ 0x143618240] channel element 3.3 is not allocated
Error while decoding stream #0:0: Invalid data found when processing input
[aac @ 0x143618240] channel element 1.9 is not allocated
Error while decoding stream #0:0: Invalid data found when processing input
[aac @ 0x143618240] channel element 1.12 is not allocated
Error while decoding stream #0:0: Invalid data found when processing input
[aac @ 0x143618240] channel element 2.11 is not allocated
Error while decoding stream #0:0: Invalid data found when processing input
[aac @ 0x143618240] channel element 1.9 is not allocated
Error while decoding stream #0:0: Invalid data found when processing input
[aac @ 0x143618240] Pulse data corrupt or invalid.
Error while decoding stream #0:0: Invalid data found when processing input
[aac @ 0x143618240] channel element 3.15 is not allocated
Error while decoding stream #0:0: Invalid data found when processing input
[aac @ 0x143618240] Reserved bit set.
[aac @ 0x143618240] Number of bands (8) exceeds limit (2).
Error while decoding stream #0:0: Invalid data found when processing input
[aac @ 0x143618240] Input buffer exhausted before END element found
Error while decoding stream #0:0: Invalid data found when processing input
[aac @ 0x143618240] Number of bands (8) exceeds limit (4).
Error while decoding stream #0:0: Invalid data found when processing input
[aac @ 0x143618240] Dependent coupling is not supported together with LTP
    Last message repeated 23 times
[aac @ 0x143618240] channel element 1.11 is not allocated
Error while decoding stream #0:0: Invalid data found when processing input
[aac @ 0x143618240] Sample rate index in program config element does not match the sample rate index configured by the container.
[aac @ 0x143618240] invalid band type
Error while decoding stream #0:0: Invalid data found when processing input
[aac @ 0x143618240] channel element 2.5 is not allocated
Error while decoding stream #0:0: Invalid data found when processing input
[aac @ 0x143618240] Error decoding AAC frame header.
Error while decoding stream #0:0: Error number -50531338 occurred
[aac @ 0x143618240] Number of bands (24) exceeds limit (9).
Error while decoding stream #0:0: Invalid data found when processing input
[aac @ 0x143618240] Number of bands (30) exceeds limit (11).
Error while decoding stream #0:0: Invalid data found when processing input
[aac @ 0x143618240] Reserved bit set.
[aac @ 0x143618240] decode_band_types: Input buffer exhausted before END element found
Error while decoding stream #0:0: Invalid data found when processing input
[aac @ 0x143618240] channel element 3.6 is not allocated
Error while decoding stream #0:0: Invalid data found when processing input
[aac @ 0x143618240] Dependent coupling is not supported together with LTP
    Last message repeated 25 times
[aac @ 0x143618240] channel element 1.10 is not allocated
Error while decoding stream #0:0: Invalid data found when processing input
[aac @ 0x143618240] Reserved bit set.
[aac @ 0x143618240] Number of scalefactor bands in group (57) exceeds limit (41).
Error while decoding stream #0:0: Invalid data found when processing input
[aac @ 0x143618240] Dependent coupling is not supported together with LTP
    Last message repeated 25 times
[aac @ 0x143618240] Number of bands (16) exceeds limit (7).
Error while decoding stream #0:0: Invalid data found when processing input
[aac @ 0x143618240] Error decoding AAC frame header.
Error while decoding stream #0:0: Error number -50531338 occurred
[aac @ 0x143618240] Gain control is not implemented. Update your FFmpeg version to the newest one from Git. If the problem still occurs, it means that your file has a feature which has not been implemented.
[aac @ 0x143618240] channel element 2.10 is not allocated
Error while decoding stream #0:0: Invalid data found when processing input
[aac @ 0x143618240] Number of bands (34) exceeds limit (6).
Error while decoding stream #0:0: Invalid data found when processing input
[aac @ 0x143618240] channel element 2.0 is not allocated
Error while decoding stream #0:0: Invalid data found when processing input
[aac @ 0x143618240] channel element 1.9 is not allocated
Error while decoding stream #0:0: Invalid data found when processing input
[aac @ 0x143618240] channel element 2.14 is not allocated
Error while decoding stream #0:0: Invalid data found when processing input
[aac @ 0x143618240] Reserved bit set.
    Last message repeated 1 times
[aac @ 0x143618240] ms_present = 3 is reserved.
Error while decoding stream #0:0: Invalid data found when processing input
[aac @ 0x143618240] channel element 3.7 is not allocated
Error while decoding stream #0:0: Invalid data found when processing input
[aac @ 0x143618240] Number of bands (27) exceeds limit (23).
Error while decoding stream #0:0: Invalid data found when processing input
[aac @ 0x143618240] Sample rate index in program config element does not match the sample rate index configured by the container.
[aac @ 0x143618240] Too large remapped id is not implemented. Update your FFmpeg version to the newest one from Git. If the problem still occurs, it means that your file has a feature which has not been implemented.
[aac @ 0x143618240] If you want to help, upload a sample of this file to https://streams.videolan.org/upload/ and contact the ffmpeg-devel mailing list. (ffmpeg-devel@ffmpeg.org)
Error while decoding stream #0:0: Not yet implemented in FFmpeg, patches welcome
[aac @ 0x143618240] Number of bands (8) exceeds limit (6).
Error while decoding stream #0:0: Invalid data found when processing input
[aac @ 0x143618240] Number of scalefactor bands in group (51) exceeds limit (41).
Error while decoding stream #0:0: Invalid data found when processing input
[aac @ 0x143618240] Reserved bit set.
    Last message repeated 1 times
[aac @ 0x143618240] Number of bands (13) exceeds limit (5).
Error while decoding stream #0:0: Invalid data found when processing input
[aac @ 0x143618240] Reserved bit set.
[aac @ 0x143618240] Prediction is not allowed in AAC-LC.
Error while decoding stream #0:0: Invalid data found when processing input
[aac @ 0x143618240] Reserved bit set.
[aac @ 0x143618240] Number of scalefactor bands in group (53) exceeds limit (41).
Error while decoding stream #0:0: Invalid data found when processing input
[aac @ 0x143618240] Dependent coupling is not supported together with LTP
    Last message repeated 25 times
[aac @ 0x143618240] channel element 3.6 is not allocated
Error while decoding stream #0:0: Invalid data found when processing input
[aac @ 0x143618240] channel element 2.15 is not allocated
Error while decoding stream #0:0: Invalid data found when processing input
[aac @ 0x143618240] Error decoding AAC frame header.
Error while decoding stream #0:0: Error number -50531338 occurred
[aac @ 0x143618240] channel element 3.5 is not allocated
Error while decoding stream #0:0: Invalid data found when processing input
[aac @ 0x143618240] skip_data_stream_element: Input buffer exhausted before END element found
Error while decoding stream #0:0: Invalid data found when processing input
[aac @ 0x143618240] channel element 2.2 is not allocated
Error while decoding stream #0:0: Invalid data found when processing input
[aac @ 0x143618240] Sample rate index in program config element does not match the sample rate index configured by the container.
    Last message repeated 1 times
[aac @ 0x143618240] Reserved bit set.
[aac @ 0x143618240] invalid band type
Error while decoding stream #0:0: Invalid data found when processing input
[aac @ 0x143618240] Error decoding AAC frame header.
Error while decoding stream #0:0: Error number -50531338 occurred
[aac @ 0x143618240] channel element 3.6 is not allocated
Error while decoding stream #0:0: Invalid data found when processing input
Output #0, mp3, to '/Users/sai/Desktop/maps/sessions/2ac5f412-6104-4e2e-a7f7-452b82d359bb/audio.temp.mp3':
  Metadata:
    TSSE            : Lavf60.3.100
  Stream #0:0: Audio: mp3, 44100 Hz, stereo, fltp
    Metadata:
      encoder         : Lavc60.3.100 libmp3lame
size=       0kB time=-577014:32:22.77 bitrate=  -0.0kbits/s speed=N/A    [aac @ 0x143618240] channel element 3.9 is not allocated
Error while decoding stream #0:0: Invalid data found when processing input
[aac @ 0x143618240] channel element 2.15 is not allocated
Error while decoding stream #0:0: Invalid data found when processing input
[aac @ 0x143618240] Reserved bit set.
[aac @ 0x143618240] Number of bands (7) exceeds limit (1).
Error while decoding stream #0:0: Invalid data found when processing input
[aac @ 0x143618240] Dependent coupling is not supported together with LTP
    Last message repeated 25 times
[aac @ 0x143618240] Number of scalefactor bands in group (49) exceeds limit (43).
Error while decoding stream #0:0: Invalid data found when processing input
[aac @ 0x143618240] Sample rate index in program config element does not match the sample rate index configured by the container.
[aac @ 0x143618240] decode_pce: Input buffer exhausted before END element found
Error while decoding stream #0:0: Invalid data found when processing input
[aac @ 0x143618240] Reserved bit set.
[aac @ 0x143618240] Number of bands (16) exceeds limit (3).
Error while decoding stream #0:0: Invalid data found when processing input
[aac @ 0x143618240] Sample rate index in program config element does not match the sample rate index configured by the container.
[aac @ 0x143618240] Reserved bit set.
[aac @ 0x143618240] Number of bands (26) exceeds limit (11).
Error while decoding stream #0:0: Invalid data found when processing input
[aac @ 0x143618240] Reserved bit set.
[aac @ 0x143618240] Prediction is not allowed in AAC-LC.
Error while decoding stream #0:0: Invalid data found when processing input
[aac @ 0x143618240] channel element 2.4 is not allocated
Error while decoding stream #0:0: Invalid data found when processing input
[aac @ 0x143618240] Dependent coupling is not supported together with LTP
    Last message repeated 25 times
[aac @ 0x143618240] channel element 1.7 is not allocated
Error while decoding stream #0:0: Invalid data found when processing input
[aac @ 0x143618240] channel element 3.7 is not allocated
Error while decoding stream #0:0: Invalid data found when processing input
[aac @ 0x143618240] Prediction is not allowed in AAC-LC.
Error while decoding stream #0:0: Invalid data found when processing input
[aac @ 0x143618240] channel element 1.8 is not allocated
Error while decoding stream #0:0: Invalid data found when processing input
[aac @ 0x143618240] Number of scalefactor bands in group (15) exceeds limit (12).
Error while decoding stream #0:0: Invalid data found when processing input
[aac @ 0x143618240] Reserved bit set.
[aac @ 0x143618240] Number of bands (24) exceeds limit (3).
Error while decoding stream #0:0: Invalid data found when processing input
[aac @ 0x143618240] Dependent coupling is not supported together with LTP
    Last message repeated 25 times
[aac @ 0x143618240] channel element 1.15 is not allocated
Error while decoding stream #0:0: Invalid data found when processing input
[aac @ 0x143618240] channel element 1.9 is not allocated
Error while decoding stream #0:0: Invalid data found when processing input
[aac @ 0x143618240] Number of bands (40) exceeds limit (39).
Error while decoding stream #0:0: Invalid data found when processing input
[aac @ 0x143618240] channel element 3.15 is not allocated
Error while decoding stream #0:0: Invalid data found when processing input
[aac @ 0x143618240] Reserved bit set.
[aac @ 0x143618240] Number of scalefactor bands in group (63) exceeds limit (41).
Error while decoding stream #0:0: Invalid data found when processing input
[aac @ 0x143618240] Sample rate index in program config element does not match the sample rate index configured by the container.
[aac @ 0x143618240] decode_pce: Input buffer exhausted before END element found
Error while decoding stream #0:0: Invalid data found when processing input
[aac @ 0x143618240] invalid band type
Error while decoding stream #0:0: Invalid data found when processing input
[aac @ 0x143618240] Reserved bit set.
[aac @ 0x143618240] Number of bands (16) exceeds limit (11).
Error while decoding stream #0:0: Invalid data found when processing input
[aac @ 0x143618240] channel element 2.14 is not allocated
Error while decoding stream #0:0: Invalid data found when processing input
[aac @ 0x143618240] channel element 3.12 is not allocated
Error while decoding stream #0:0: Invalid data found when processing input
[aac @ 0x143618240] channel element 2.4 is not allocated
Error while decoding stream #0:0: Invalid data found when processing input
[aac @ 0x143618240] channel element 3.11 is not allocated
Error while decoding stream #0:0: Invalid data found when processing input
[aac @ 0x143618240] channel element 3.14 is not allocated
Error while decoding stream #0:0: Invalid data found when processing input
[aac @ 0x143618240] Number of bands (8) exceeds limit (2).
Error while decoding stream #0:0: Invalid data found when processing input
[aac @ 0x143618240] channel element 3.13 is not allocated
Error while decoding stream #0:0: Invalid data found when processing input
[aac @ 0x143618240] channel element 3.7 is not allocated
Error while decoding stream #0:0: Invalid data found when processing input
[aac @ 0x143618240] channel element 1.2 is not allocated
Error while decoding stream #0:0: Invalid data found when processing input
[aac @ 0x143618240] channel element 2.14 is not allocated
Error while decoding stream #0:0: Invalid data found when processing input
[aac @ 0x143618240] channel element 3.7 is not allocated
Error while decoding stream #0:0: Invalid data found when processing input
[aac @ 0x143618240] channel element 2.0 is not allocated
Error while decoding stream #0:0: Invalid data found when processing input
[aac @ 0x143618240] Prediction is not allowed in AAC-LC.
Error while decoding stream #0:0: Invalid data found when processing input
[aac @ 0x143618240] channel element 1.12 is not allocated
Error while decoding stream #0:0: Invalid data found when processing input
[aac @ 0x143618240] Dependent coupling is not supported together with LTP
    Last message repeated 25 times
[aac @ 0x143618240] Sample rate index in program config element does not match the sample rate index configured by the container.
[aac @ 0x143618240] Number of bands (5) exceeds limit (4).
Error while decoding stream #0:0: Invalid data found when processing input
[aac @ 0x143618240] Reserved bit set.
[aac @ 0x143618240] Number of bands (30) exceeds limit (8).
Error while decoding stream #0:0: Invalid data found when processing input
[aac @ 0x143618240] Sample rate index in program config element does not match the sample rate index configured by the container.
[aac @ 0x143618240] Number of bands (19) exceeds limit (5).
Error while decoding stream #0:0: Invalid data found when processing input
[aac @ 0x143618240] Number of bands (34) exceeds limit (15).
Error while decoding stream #0:0: Invalid data found when processing input
[aac @ 0x143618240] Dependent coupling is not supported together with LTP
    Last message repeated 25 times
[aac @ 0x143618240] channel element 2.10 is not allocated
Error while decoding stream #0:0: Invalid data found when processing input
[aac @ 0x143618240] Error decoding AAC frame header.
Error while decoding stream #0:0: Error number -50531338 occurred
[aac @ 0x143618240] Reserved bit set.
[aac @ 0x143618240] channel element 0.11 is not allocated
Error while decoding stream #0:0: Invalid data found when processing input
[aac @ 0x143618240] Reserved bit set.
[aac @ 0x143618240] Number of bands (26) exceeds limit (10).
Error while decoding stream #0:0: Invalid data found when processing input
[aac @ 0x143618240] Dependent coupling is not supported together with LTP
    Last message repeated 25 times
[aac @ 0x143618240] channel element 3.4 is not allocated
Error while decoding stream #0:0: Invalid data found when processing input
[aac @ 0x143618240] Number of bands (15) exceeds limit (9).
Error while decoding stream #0:0: Invalid data found when processing input
[aac @ 0x143618240] Reserved bit set.
[aac @ 0x143618240] Number of bands (24) exceeds limit (1).
Error while decoding stream #0:0: Invalid data found when processing input
[aac @ 0x143618240] channel element 3.3 is not allocated
Error while decoding stream #0:0: Invalid data found when processing input
[aac @ 0x143618240] Reserved bit set.
[aac @ 0x143618240] Number of bands (22) exceeds limit (2).
Error while decoding stream #0:0: Invalid data found when processing input
[aac @ 0x143618240] Too large remapped id is not implemented. Update your FFmpeg version to the newest one from Git. If the problem still occurs, it means that your file has a feature which has not been implemented.
[aac @ 0x143618240] If you want to help, upload a sample of this file to https://streams.videolan.org/upload/ and contact the ffmpeg-devel mailing list. (ffmpeg-devel@ffmpeg.org)
Error while decoding stream #0:0: Not yet implemented in FFmpeg, patches welcome
[aac @ 0x143618240] Reserved bit set.
[aac @ 0x143618240] Number of bands (29) exceeds limit (12).
Error while decoding stream #0:0: Invalid data found when processing input
[aac @ 0x143618240] channel element 3.11 is not allocated
Error while decoding stream #0:0: Invalid data found when processing input
[aac @ 0x143618240] Number of bands (24) exceeds limit (6).
Error while decoding stream #0:0: Invalid data found when processing input
[aac @ 0x143618240] Reserved bit set.
[aac @ 0x143618240] Number of scalefactor bands in group (62) exceeds limit (40).
Error while decoding stream #0:0: Invalid data found when processing input
[aac @ 0x143618240] channel element 3.0 is not allocated
Error while decoding stream #0:0: Invalid data found when processing input
[aac @ 0x143618240] Dependent coupling is not supported together with LTP
    Last message repeated 25 times
[aac @ 0x143618240] Number of scalefactor bands in group (61) exceeds limit (51).
Error while decoding stream #0:0: Invalid data found when processing input
[aac @ 0x143618240] channel element 3.15 is not allocated
Error while decoding stream #0:0: Invalid data found when processing input
[aac @ 0x143618240] Reserved bit set.
[aac @ 0x143618240] Number of bands (16) exceeds limit (2).
Error while decoding stream #0:0: Invalid data found when processing input
[aac @ 0x143618240] channel element 1.10 is not allocated
Error while decoding stream #0:0: Invalid data found when processing input
[aac @ 0x143618240] Number of bands (8) exceeds limit (3).
Error while decoding stream #0:0: Invalid data found when processing input
[aac @ 0x143618240] Reserved bit set.
[aac @ 0x143618240] invalid band type
Error while decoding stream #0:0: Invalid data found when processing input
[aac @ 0x143618240] Dependent coupling is not supported together with LTP
    Last message repeated 25 times
[aac @ 0x143618240] channel element 1.13 is not allocated
Error while decoding stream #0:0: Invalid data found when processing input
[aac @ 0x143618240] Reserved bit set.
[aac @ 0x143618240] Scalefactor (257) out of range.
Error while decoding stream #0:0: Invalid data found when processing input
[aac @ 0x143618240] Invalid Predictor Reset Group.
Error while decoding stream #0:0: Invalid data found when processing input
[aac @ 0x143618240] Reserved bit set.
[aac @ 0x143618240] Number of bands (22) exceeds limit (4).
Error while decoding stream #0:0: Invalid data found when processing input
[aac @ 0x143618240] channel element 2.2 is not allocated
Error while decoding stream #0:0: Invalid data found when processing input
[aac @ 0x143618240] channel element 3.11 is not allocated
Error while decoding stream #0:0: Invalid data found when processing input
[aac @ 0x143618240] Reserved bit set.
[aac @ 0x143618240] Number of bands (16) exceeds limit (3).
Error while decoding stream #0:0: Invalid data found when processing input
[aac @ 0x143618240] channel element 3.15 is not allocated
Error while decoding stream #0:0: Invalid data found when processing input
[aac @ 0x143618240] channel element 1.9 is not allocated
Error while decoding stream #0:0: Invalid data found when processing input
[aac @ 0x143618240] Number of scalefactor bands in group (63) exceeds limit (41).
Error while decoding stream #0:0: Invalid data found when processing input
[aac @ 0x143618240] channel element 3.10 is not allocated
Error while decoding stream #0:0: Invalid data found when processing input
[aac @ 0x143618240] Number of bands (16) exceeds limit (8).
Error while decoding stream #0:0: Invalid data found when processing input
[aac @ 0x143618240] Dependent coupling is not supported together with LTP
    Last message repeated 25 times
[aac @ 0x143618240] channel element 2.5 is not allocated
Error while decoding stream #0:0: Invalid data found when processing input
[aac @ 0x143618240] channel element 1.13 is not allocated
Error while decoding stream #0:0: Invalid data found when processing input
[aac @ 0x143618240] channel element 2.15 is not allocated
Error while decoding stream #0:0: Invalid data found when processing input
[aac @ 0x143618240] channel element 3.8 is not allocated
Error while decoding stream #0:0: Invalid data found when processing input
[aac @ 0x143618240] Reserved bit set.
[aac @ 0x143618240] Number of bands (21) exceeds limit (10).
Error while decoding stream #0:0: Invalid data found when processing input
[aac @ 0x143618240] Reserved bit set.
[aac @ 0x143618240] Number of bands (23) exceeds limit (6).
Error while decoding stream #0:0: Invalid data found when processing input
[aac @ 0x143618240] Reserved bit set.
[aac @ 0x143618240] Number of bands (31) exceeds limit (2).
Error while decoding stream #0:0: Invalid data found when processing input
[aac @ 0x143618240] channel element 2.2 is not allocated
Error while decoding stream #0:0: Invalid data found when processing input
[aac @ 0x143618240] Reserved bit set.
[aac @ 0x143618240] Number of bands (20) exceeds limit (4).
Error while decoding stream #0:0: Invalid data found when processing input
[aac @ 0x143618240] channel element 1.15 is not allocated
Error while decoding stream #0:0: Invalid data found when processing input
[aac @ 0x143618240] Sample rate index in program config element does not match the sample rate index configured by the container.
[aac @ 0x143618240] Too large remapped id is not implemented. Update your FFmpeg version to the newest one from Git. If the problem still occurs, it means that your file has a feature which has not been implemented.
[aac @ 0x143618240] If you want to help, upload a sample of this file to https://streams.videolan.org/upload/ and contact the ffmpeg-devel mailing list. (ffmpeg-devel@ffmpeg.org)
Error while decoding stream #0:0: Not yet implemented in FFmpeg, patches welcome
[aac @ 0x143618240] invalid band type
Error while decoding stream #0:0: Invalid data found when processing input
[aac @ 0x143618240] Sample rate index in program config element does not match the sample rate index configured by the container.
[aac @ 0x143618240] Number of bands (3) exceeds limit (1).
Error while decoding stream #0:0: Invalid data found when processing input
[aac @ 0x143618240] Reserved bit set.
[aac @ 0x143618240] Number of bands (16) exceeds limit (1).
Error while decoding stream #0:0: Invalid data found when processing input
[aac @ 0x143618240] Number of bands (15) exceeds limit (14).
Error while decoding stream #0:0: Invalid data found when processing input
[aac @ 0x143618240] Invalid Predictor Reset Group.
Error while decoding stream #0:0: Invalid data found when processing input
[aac @ 0x143618240] Reserved bit set.
[aac @ 0x143618240] Number of scalefactor bands in group (60) exceeds limit (47).
Error while decoding stream #0:0: Invalid data found when processing input
[aac @ 0x143618240] channel element 2.4 is not allocated
Error while decoding stream #0:0: Invalid data found when processing input
[aac @ 0x143618240] Sample rate index in program config element does not match the sample rate index configured by the container.
[aac @ 0x143618240] Reserved bit set.
[aac @ 0x143618240] Number of scalefactor bands in group (47) exceeds limit (41).
Error while decoding stream #0:0: Invalid data found when processing input
[aac @ 0x143618240] Error decoding AAC frame header.
Error while decoding stream #0:0: Error number -50531338 occurred
[aac @ 0x143618240] channel element 1.2 is not allocated
Error while decoding stream #0:0: Invalid data found when processing input
[aac @ 0x143618240] channel element 2.8 is not allocated
Error while decoding stream #0:0: Invalid data found when processing input
[aac @ 0x143618240] invalid band type
Error while decoding stream #0:0: Invalid data found when processing input
[aac @ 0x143618240] channel element 2.0 is not allocated
Error while decoding stream #0:0: Invalid data found when processing input
[aac @ 0x143618240] channel element 2.3 is not allocated
Error while decoding stream #0:0: Invalid data found when processing input
[aac @ 0x143618240] Reserved bit set.
[aac @ 0x143618240] Number of scalefactor bands in group (63) exceeds limit (41).
Error while decoding stream #0:0: Invalid data found when processing input
[aac @ 0x143618240] Reserved bit set.
    Last message repeated 1 times
[aac @ 0x143618240] Number of bands (43) exceeds limit (40).
Error while decoding stream #0:0: Invalid data found when processing input
[aac @ 0x143618240] Reserved bit set.
[aac @ 0x143618240] Number of bands (8) exceeds limit (2).
Error while decoding stream #0:0: Invalid data found when processing input
[aac @ 0x143618240] channel element 1.7 is not allocated
Error while decoding stream #0:0: Invalid data found when processing input
[aac @ 0x143618240] channel element 3.15 is not allocated
Error while decoding stream #0:0: Invalid data found when processing input
[aac @ 0x143618240] channel element 1.14 is not allocated
Error while decoding stream #0:0: Invalid data found when processing input
[aac @ 0x143618240] channel element 1.4 is not allocated
Error while decoding stream #0:0: Invalid data found when processing input
[aac @ 0x143618240] Reserved bit set.
[aac @ 0x143618240] Number of bands (16) exceeds limit (1).
Error while decoding stream #0:0: Invalid data found when processing input
[aac @ 0x143618240] Number of scalefactor bands in group (63) exceeds limit (41).
Error while decoding stream #0:0: Invalid data found when processing input
[aac @ 0x143618240] Input buffer exhausted before END element found
Error while decoding stream #0:0: Invalid data found when processing input
[aac @ 0x143618240] channel element 3.4 is not allocated
Error while decoding stream #0:0: Invalid data found when processing input
[aac @ 0x143618240] Dependent coupling is not supported together with LTP
    Last message repeated 25 times
[aac @ 0x143618240] channel element 3.5 is not allocated
Error while decoding stream #0:0: Invalid data found when processing input
[aac @ 0x143618240] Invalid Predictor Reset Group.
Error while decoding stream #0:0: Invalid data found when processing input
[aac @ 0x143618240] Reserved bit set.
[aac @ 0x143618240] Number of bands (28) exceeds limit (16).
Error while decoding stream #0:0: Invalid data found when processing input
[aac @ 0x143618240] channel element 2.13 is not allocated
Error while decoding stream #0:0: Invalid data found when processing input
[aac @ 0x143618240] Number of bands (53) exceeds limit (39).
Error while decoding stream #0:0: Invalid data found when processing input
[aac @ 0x143618240] Number of scalefactor bands in group (62) exceeds limit (41).
Error while decoding stream #0:0: Invalid data found when processing input
[aac @ 0x143618240] Sample rate index in program config element does not match the sample rate index configured by the container.
[aac @ 0x143618240] decode_pce: Input buffer exhausted before END element found
Error while decoding stream #0:0: Invalid data found when processing input
[aac @ 0x143618240] Error decoding AAC frame header.
Error while decoding stream #0:0: Error number -50531338 occurred
[aac @ 0x143618240] Sample rate index in program config element does not match the sample rate index configured by the container.
[aac @ 0x143618240] Reserved bit set.
[aac @ 0x143618240] Number of bands (14) exceeds limit (11).
Error while decoding stream #0:0: Invalid data found when processing input
[aac @ 0x143618240] Number of bands (61) exceeds limit (39).
Error while decoding stream #0:0: Invalid data found when processing input
[aac @ 0x143618240] Pulse tool not allowed in eight short sequence.
Error while decoding stream #0:0: Invalid data found when processing input
[aac @ 0x143618240] channel element 2.7 is not allocated
Error while decoding stream #0:0: Invalid data found when processing input
[aac @ 0x143618240] decode_band_types: Input buffer exhausted before END element found
Error while decoding stream #0:0: Invalid data found when processing input
[aac @ 0x143618240] channel element 2.11 is not allocated
Error while decoding stream #0:0: Invalid data found when processing input
[aac @ 0x143618240] channel element 3.11 is not allocated
Error while decoding stream #0:0: Invalid data found when processing input
[aac @ 0x143618240] invalid band type
Error while decoding stream #0:0: Invalid data found when processing input
[aac @ 0x143618240] invalid band type
Error while decoding stream #0:0: Invalid data found when processing input
[aac @ 0x143618240] Number of bands (6) exceeds limit (5).
Error while decoding stream #0:0: Invalid data found when processing input
[aac @ 0x143618240] Dependent coupling is not supported together with LTP
    Last message repeated 25 times
[aac @ 0x143618240] channel element 2.11 is not allocated
Error while decoding stream #0:0: Invalid data found when processing input
[aac @ 0x143618240] channel element 1.9 is not allocated
Error while decoding stream #0:0: Invalid data found when processing input
[aac @ 0x143618240] channel element 2.7 is not allocated
Error while decoding stream #0:0: Invalid data found when processing input
[aac @ 0x143618240] channel element 3.15 is not allocated
Error while decoding stream #0:0: Invalid data found when processing input
[aac @ 0x143618240] Number of bands (51) exceeds limit (39).
Error while decoding stream #0:0: Invalid data found when processing input
[aac @ 0x143618240] channel element 1.8 is not allocated
Error while decoding stream #0:0: Invalid data found when processing input
[aac @ 0x143618240] ms_present = 3 is reserved.
Error while decoding stream #0:0: Invalid data found when processing input
[aac @ 0x143618240] Reserved bit set.
[aac @ 0x143618240] Number of bands (20) exceeds limit (9).
Error while decoding stream #0:0: Invalid data found when processing input
[aac @ 0x143618240] Number of bands (28) exceeds limit (6).
Error while decoding stream #0:0: Invalid data found when processing input
[aac @ 0x143618240] skip_data_stream_element: Input buffer exhausted before END element found
Error while decoding stream #0:0: Invalid data found when processing input
[aac @ 0x143618240] skip_data_stream_element: Input buffer exhausted before END element found
Error while decoding stream #0:0: Invalid data found when processing input
[aac @ 0x143618240] Scalefactor (279) out of range.
Error while decoding stream #0:0: Invalid data found when processing input
[aac @ 0x143618240] Reserved bit set.
[aac @ 0x143618240] Number of bands (24) exceeds limit (1).
Error while decoding stream #0:0: Invalid data found when processing input
[aac @ 0x143618240] channel element 2.1 is not allocated
Error while decoding stream #0:0: Invalid data found when processing input
[aac @ 0x143618240] Dependent coupling is not supported together with LTP
    Last message repeated 25 times
[aac @ 0x143618240] channel element 3.2 is not allocated
Error while decoding stream #0:0: Invalid data found when processing input
[aac @ 0x143618240] Reserved bit set.
[aac @ 0x143618240] Number of bands (31) exceeds limit (1).
Error while decoding stream #0:0: Invalid data found when processing input
[aac @ 0x143618240] Number of bands (31) exceeds limit (1).
Error while decoding stream #0:0: Invalid data found when processing input
[aac @ 0x143618240] Reserved bit set.
[aac @ 0x143618240] Number of bands (26) exceeds limit (14).
Error while decoding stream #0:0: Invalid data found when processing input
[aac @ 0x143618240] Reserved bit set.
[aac @ 0x143618240] Number of bands (27) exceeds limit (15).
Error while decoding stream #0:0: Invalid data found when processing input
[aac @ 0x143618240] channel element 3.15 is not allocated
Error while decoding stream #0:0: Invalid data found when processing input
[aac @ 0x143618240] channel element 3.11 is not allocated
Error while decoding stream #0:0: Invalid data found when processing input
[aac @ 0x143618240] Number of bands (15) exceeds limit (9).
Error while decoding stream #0:0: Invalid data found when processing input
[aac @ 0x143618240] channel element 3.15 is not allocated
Error while decoding stream #0:0: Invalid data found when processing input
[aac @ 0x143618240] Reserved bit set.
[aac @ 0x143618240] Number of bands (3) exceeds limit (1).
Error while decoding stream #0:0: Invalid data found when processing input
[aac @ 0x143618240] Dependent coupling is not supported together with LTP
    Last message repeated 25 times
[aac @ 0x143618240] channel element 2.3 is not allocated
Error while decoding stream #0:0: Invalid data found when processing input
[aac @ 0x143618240] Sample rate index in program config element does not match the sample rate index configured by the container.
[aac @ 0x143618240] Too large remapped id is not implemented. Update your FFmpeg version to the newest one from Git. If the problem still occurs, it means that your file has a feature which has not been implemented.
[aac @ 0x143618240] If you want to help, upload a sample of this file to https://streams.videolan.org/upload/ and contact the ffmpeg-devel mailing list. (ffmpeg-devel@ffmpeg.org)
Error while decoding stream #0:0: Not yet implemented in FFmpeg, patches welcome
[aac @ 0x143618240] Sample rate index in program config element does not match the sample rate index configured by the container.
[aac @ 0x143618240] Too large remapped id is not implemented. Update your FFmpeg version to the newest one from Git. If the problem still occurs, it means that your file has a feature which has not been implemented.
[aac @ 0x143618240] If you want to help, upload a sample of this file to https://streams.videolan.org/upload/ and contact the ffmpeg-devel mailing list. (ffmpeg-devel@ffmpeg.org)
Error while decoding stream #0:0: Not yet implemented in FFmpeg, patches welcome
[aac @ 0x143618240] Sample rate index in program config element does not match the sample rate index configured by the container.
[aac @ 0x143618240] decode_pce: Input buffer exhausted before END element found
Error while decoding stream #0:0: Operation not permitted
[aac @ 0x143618240] Sample rate index in program config element does not match the sample rate index configured by the container.
[aac @ 0x143618240] Too large remapped id is not implemented. Update your FFmpeg version to the newest one from Git. If the problem still occurs, it means that your file has a feature which has not been implemented.
[aac @ 0x143618240] If you want to help, upload a sample of this file to https://streams.videolan.org/upload/ and contact the ffmpeg-devel mailing list. (ffmpeg-devel@ffmpeg.org)
Error while decoding stream #0:0: Not yet implemented in FFmpeg, patches welcome
[aac @ 0x143618240] channel element 3.12 is not allocated
Error while decoding stream #0:0: Invalid data found when processing input
[aac @ 0x143618240] Sample rate index in program config element does not match the sample rate index configured by the container.
[aac @ 0x143618240] Number of bands (32) exceeds limit (13).
Error while decoding stream #0:0: Invalid data found when processing input
[aac @ 0x143618240] Reserved bit set.
[aac @ 0x143618240] Number of bands (58) exceeds limit (39).
Error while decoding stream #0:0: Invalid data found when processing input
[aac @ 0x143618240] Reserved bit set.
[aac @ 0x143618240] Number of bands (12) exceeds limit (9).
Error while decoding stream #0:0: Invalid data found when processing input
[aac @ 0x143618240] Number of bands (16) exceeds limit (7).
Error while decoding stream #0:0: Invalid data found when processing input
[aac @ 0x143618240] channel element 3.14 is not allocated
Error while decoding stream #0:0: Invalid data found when processing input
[aac @ 0x143618240] Reserved bit set.
[aac @ 0x143618240] Number of bands (16) exceeds limit (4).
Error while decoding stream #0:0: Invalid data found when processing input
[aac @ 0x143618240] channel element 3.14 is not allocated
Error while decoding stream #0:0: Invalid data found when processing input
[aac @ 0x143618240] Reserved bit set.
[aac @ 0x143618240] Number of bands (8) exceeds limit (2).
Error while decoding stream #0:0: Invalid data found when processing input
[aac @ 0x143618240] Reserved bit set.
[aac @ 0x143618240] Prediction is not allowed in AAC-LC.
Error while decoding stream #0:0: Invalid data found when processing input
[aac @ 0x143618240] Error decoding AAC frame header.
Error while decoding stream #0:0: Error number -50531338 occurred
[aac @ 0x143618240] channel element 3.2 is not allocated
Error while decoding stream #0:0: Invalid data found when processing input
[aac @ 0x143618240] channel element 1.15 is not allocated
Error while decoding stream #0:0: Invalid data found when processing input
[aac @ 0x143618240] channel element 2.10 is not allocated
Error while decoding stream #0:0: Invalid data found when processing input
[aac @ 0x143618240] channel element 3.14 is not allocated
Error while decoding stream #0:0: Invalid data found when processing input
[aac @ 0x143618240] decode_band_types: Input buffer exhausted before END element found
Error while decoding stream #0:0: Invalid data found when processing input
[aac @ 0x143618240] Number of bands (16) exceeds limit (6).
Error while decoding stream #0:0: Invalid data found when processing input
[aac @ 0x143618240] channel element 3.1 is not allocated
Error while decoding stream #0:0: Invalid data found when processing input
[aac @ 0x143618240] Number of bands (19) exceeds limit (4).
Error while decoding stream #0:0: Invalid data found when processing input
[aac @ 0x143618240] Sample rate index in program config element does not match the sample rate index configured by the container.
[aac @ 0x143618240] Too large remapped id is not implemented. Update your FFmpeg version to the newest one from Git. If the problem still occurs, it means that your file has a feature which has not been implemented.
[aac @ 0x143618240] If you want to help, upload a sample of this file to https://streams.videolan.org/upload/ and contact the ffmpeg-devel mailing list. (ffmpeg-devel@ffmpeg.org)
Error while decoding stream #0:0: Not yet implemented in FFmpeg, patches welcome
[aac @ 0x143618240] channel element 3.14 is not allocated
Error while decoding stream #0:0: Invalid data found when processing input
[aac @ 0x143618240] channel element 1.9 is not allocated
Error while decoding stream #0:0: Invalid data found when processing input
[aac @ 0x143618240] TNS filter order 25 is greater than maximum 20.
Error while decoding stream #0:0: Invalid data found when processing input
[aac @ 0x143618240] Error decoding AAC frame header.
Error while decoding stream #0:0: Error number -50531338 occurred
[aac @ 0x143618240] channel element 1.1 is not allocated
Error while decoding stream #0:0: Invalid data found when processing input
[aac @ 0x143618240] Reserved bit set.
[aac @ 0x143618240] decode_band_types: Input buffer exhausted before END element found
Error while decoding stream #0:0: Invalid data found when processing input
[aac @ 0x143618240] Reserved bit set.
[aac @ 0x143618240] Number of scalefactor bands in group (56) exceeds limit (41).
Error while decoding stream #0:0: Invalid data found when processing input
[aac @ 0x143618240] Sample rate index in program config element does not match the sample rate index configured by the container.
[aac @ 0x143618240] Reserved bit set.
[aac @ 0x143618240] Number of scalefactor bands in group (62) exceeds limit (47).
Error while decoding stream #0:0: Invalid data found when processing input
[aac @ 0x143618240] Reserved bit set.
[aac @ 0x143618240] Number of scalefactor bands in group (45) exceeds limit (41).
Error while decoding stream #0:0: Invalid data found when processing input
[aac @ 0x143618240] Number of bands (14) exceeds limit (8).
Error while decoding stream #0:0: Invalid data found when processing input
[aac @ 0x143618240] Reserved bit set.
[aac @ 0x143618240] TNS filter order 26 is greater than maximum 20.
Error while decoding stream #0:0: Invalid data found when processing input
[aac @ 0x143618240] channel element 3.13 is not allocated
Error while decoding stream #0:0: Invalid data found when processing input
[aac @ 0x143618240] channel element 2.9 is not allocated
Error while decoding stream #0:0: Invalid data found when processing input
[aac @ 0x143618240] channel element 1.15 is not allocated
Error while decoding stream #0:0: Invalid data found when processing input
[aac @ 0x143618240] Reserved bit set.
[aac @ 0x143618240] Number of bands (24) exceeds limit (11).
Error while decoding stream #0:0: Invalid data found when processing input
[aac @ 0x143618240] Number of bands (13) exceeds limit (12).
Error while decoding stream #0:0: Invalid data found when processing input
[aac @ 0x143618240] Reserved bit set.
[aac @ 0x143618240] Number of bands (16) exceeds limit (6).
Error while decoding stream #0:0: Invalid data found when processing input
[aac @ 0x143618240] Reserved bit set.
[aac @ 0x143618240] Number of bands (12) exceeds limit (8).
Error while decoding stream #0:0: Invalid data found when processing input
[aac @ 0x143618240] Reserved bit set.
[aac @ 0x143618240] Number of bands (2) exceeds limit (1).
Error while decoding stream #0:0: Invalid data found when processing input
[aac @ 0x143618240] Number of scalefactor bands in group (62) exceeds limit (41).
Error while decoding stream #0:0: Invalid data found when processing input
[aac @ 0x143618240] invalid band type
Error while decoding stream #0:0: Invalid data found when processing input
[aac @ 0x143618240] channel element 3.15 is not allocated
Error while decoding stream #0:0: Invalid data found when processing input
[aac @ 0x143618240] channel element 1.13 is not allocated
Error while decoding stream #0:0: Invalid data found when processing input
[aac @ 0x143618240] channel element 1.2 is not allocated
Error while decoding stream #0:0: Invalid data found when processing input
[aac @ 0x143618240] Number of bands (16) exceeds limit (6).
Error while decoding stream #0:0: Invalid data found when processing input
[aac @ 0x143618240] Input buffer exhausted before END element found
Error while decoding stream #0:0: Invalid data found when processing input
[aac @ 0x143618240] channel element 1.8 is not allocated
Error while decoding stream #0:0: Invalid data found when processing input
[aac @ 0x143618240] Sample rate index in program config element does not match the sample rate index configured by the container.
[aac @ 0x143618240] Too large remapped id is not implemented. Update your FFmpeg version to the newest one from Git. If the problem still occurs, it means that your file has a feature which has not been implemented.
[aac @ 0x143618240] If you want to help, upload a sample of this file to https://streams.videolan.org/upload/ and contact the ffmpeg-devel mailing list. (ffmpeg-devel@ffmpeg.org)
Error while decoding stream #0:0: Not yet implemented in FFmpeg, patches welcome
[aac @ 0x143618240] Error decoding AAC frame header.
Error while decoding stream #0:0: Error number -50531338 occurred
[aac @ 0x143618240] Reserved bit set.
[aac @ 0x143618240] Number of bands (8) exceeds limit (7).
Error while decoding stream #0:0: Invalid data found when processing input
[aac @ 0x143618240] Number of bands (8) exceeds limit (3).
Error while decoding stream #0:0: Invalid data found when processing input
[aac @ 0x143618240] channel element 0.0 is not allocated
Error while decoding stream #0:0: Invalid data found when processing input
[aac @ 0x143618240] Reserved bit set.
[aac @ 0x143618240] Number of bands (16) exceeds limit (2).
Error while decoding stream #0:0: Invalid data found when processing input
[aac @ 0x143618240] Reserved bit set.
[aac @ 0x143618240] Number of bands (24) exceeds limit (2).
Error while decoding stream #0:0: Invalid data found when processing input
[aac @ 0x143618240] channel element 2.0 is not allocated
Error while decoding stream #0:0: Invalid data found when processing input
[aac @ 0x143618240] channel element 3.1 is not allocated
Error while decoding stream #0:0: Invalid data found when processing input
[aac @ 0x143618240] Sample rate index in program config element does not match the sample rate index configured by the container.
[aac @ 0x143618240] Too large remapped id is not implemented. Update your FFmpeg version to the newest one from Git. If the problem still occurs, it means that your file has a feature which has not been implemented.
[aac @ 0x143618240] If you want to help, upload a sample of this file to https://streams.videolan.org/upload/ and contact the ffmpeg-devel mailing list. (ffmpeg-devel@ffmpeg.org)
Error while decoding stream #0:0: Not yet implemented in FFmpeg, patches welcome
[aac @ 0x143618240] channel element 3.10 is not allocated
Error while decoding stream #0:0: Invalid data found when processing input
[aac @ 0x143618240] Reserved bit set.
[aac @ 0x143618240] Number of bands (23) exceeds limit (1).
Error while decoding stream #0:0: Invalid data found when processing input
[aac @ 0x143618240] skip_data_stream_element: Input buffer exhausted before END element found
Error while decoding stream #0:0: Invalid data found when processing input
[aac @ 0x143618240] Error decoding AAC frame header.
Error while decoding stream #0:0: Error number -50531338 occurred
[aac @ 0x143618240] channel element 2.13 is not allocated
Error while decoding stream #0:0: Invalid data found when processing input
[aac @ 0x143618240] Reserved bit set.
[aac @ 0x143618240] Number of bands (20) exceeds limit (6).
Error while decoding stream #0:0: Invalid data found when processing input
[aac @ 0x143618240] Dependent coupling is not supported together with LTP
    Last message repeated 25 times
[aac @ 0x143618240] Reserved bit set.
[aac @ 0x143618240] Number of scalefactor bands in group (57) exceeds limit (40).
Error while decoding stream #0:0: Invalid data found when processing input
[aac @ 0x143618240] Sample rate index in program config element does not match the sample rate index configured by the container.
[aac @ 0x143618240] Number of scalefactor bands in group (52) exceeds limit (47).
Error while decoding stream #0:0: Invalid data found when processing input
[aac @ 0x143618240] channel element 2.9 is not allocated
Error while decoding stream #0:0: Invalid data found when processing input
[aac @ 0x143618240] Number of bands (14) exceeds limit (9).
Error while decoding stream #0:0: Invalid data found when processing input
[aac @ 0x143618240] Number of bands (31) exceeds limit (5).
Error while decoding stream #0:0: Invalid data found when processing input
[aac @ 0x143618240] Error decoding AAC frame header.
Error while decoding stream #0:0: Error number -50531338 occurred
[aac @ 0x143618240] Reserved bit set.
[aac @ 0x143618240] Number of bands (24) exceeds limit (1).
Error while decoding stream #0:0: Invalid data found when processing input
[aac @ 0x143618240] channel element 1.13 is not allocated
Error while decoding stream #0:0: Invalid data found when processing input
[aac @ 0x143618240] channel element 3.1 is not allocated
Error while decoding stream #0:0: Invalid data found when processing input
[aac @ 0x143618240] channel element 3.10 is not allocated
Error while decoding stream #0:0: Invalid data found when processing input
[aac @ 0x143618240] Number of bands (14) exceeds limit (9).
Error while decoding stream #0:0: Invalid data found when processing input
[aac @ 0x143618240] Sample rate index in program config element does not match the sample rate index configured by the container.
[aac @ 0x143618240] Number of bands (24) exceeds limit (3).
Error while decoding stream #0:0: Invalid data found when processing input
[aac @ 0x143618240] Number of bands (11) exceeds limit (5).
Error while decoding stream #0:0: Invalid data found when processing input
[aac @ 0x143618240] channel element 2.12 is not allocated
Error while decoding stream #0:0: Invalid data found when processing input
[aac @ 0x143618240] Number of bands (5) exceeds limit (2).
Error while decoding stream #0:0: Invalid data found when processing input
[aac @ 0x143618240] Reserved bit set.
[aac @ 0x143618240] Number of bands (5) exceeds limit (3).
Error while decoding stream #0:0: Invalid data found when processing input
[aac @ 0x143618240] Dependent coupling is not supported together with LTP
    Last message repeated 25 times
[aac @ 0x143618240] channel element 2.1 is not allocated
Error while decoding stream #0:0: Invalid data found when processing input
[aac @ 0x143618240] Sample rate index in program config element does not match the sample rate index configured by the container.
[aac @ 0x143618240] Too large remapped id is not implemented. Update your FFmpeg version to the newest one from Git. If the problem still occurs, it means that your file has a feature which has not been implemented.
[aac @ 0x143618240] If you want to help, upload a sample of this file to https://streams.videolan.org/upload/ and contact the ffmpeg-devel mailing list. (ffmpeg-devel@ffmpeg.org)
Error while decoding stream #0:0: Not yet implemented in FFmpeg, patches welcome
[aac @ 0x143618240] Input buffer exhausted before END element found
Error while decoding stream #0:0: Invalid data found when processing input
[aac @ 0x143618240] Sample rate index in program config element does not match the sample rate index configured by the container.
    Last message repeated 1 times
[aac @ 0x143618240] Reserved bit set.
[aac @ 0x143618240] decode_band_types: Input buffer exhausted before END element found
Error while decoding stream #0:0: Invalid data found when processing input
[aac @ 0x143618240] channel element 2.14 is not allocated
Error while decoding stream #0:0: Invalid data found when processing input
[aac @ 0x143618240] channel element 0.2 is not allocated
Error while decoding stream #0:0: Invalid data found when processing input
[aac @ 0x143618240] Number of scalefactor bands in group (57) exceeds limit (51).
Error while decoding stream #0:0: Invalid data found when processing input
[aac @ 0x143618240] Sample rate index in program config element does not match the sample rate index configured by the container.
[aac @ 0x143618240] Reserved bit set.
[aac @ 0x143618240] Number of bands (16) exceeds limit (8).
Error while decoding stream #0:0: Invalid data found when processing input
[aac @ 0x143618240] Reserved bit set.
[aac @ 0x143618240] Number of bands (31) exceeds limit (1).
Error while decoding stream #0:0: Invalid data found when processing input
[aac @ 0x143618240] channel element 2.3 is not allocated
Error while decoding stream #0:0: Invalid data found when processing input
[aac @ 0x143618240] Prediction is not allowed in AAC-LC.
Error while decoding stream #0:0: Invalid data found when processing input
[aac @ 0x143618240] Error decoding AAC frame header.
Error while decoding stream #0:0: Error number -50531338 occurred
[aac @ 0x143618240] channel element 2.1 is not allocated
Error while decoding stream #0:0: Invalid data found when processing input
[aac @ 0x143618240] channel element 3.11 is not allocated
Error while decoding stream #0:0: Invalid data found when processing input
[aac @ 0x143618240] decode_pce: Input buffer exhausted before END element found
Error while decoding stream #0:0: Operation not permitted
[aac @ 0x143618240] channel element 3.12 is not allocated
Error while decoding stream #0:0: Invalid data found when processing input
[aac @ 0x1440041b0] Packet corrupt (stream = 0, dts = NOPTS).
[aac @ 0x143618240] channel element 2.13 is not allocated
Error while decoding stream #0:0: Invalid data found when processing input
size=       1kB time=00:00:02.26 bitrate=   2.0kbits/s speed= 117x    
video:0kB audio:0kB subtitle:0kB other streams:0kB global headers:0kB muxing overhead: 80.769234%
Conversion failed!
